Log file open, 10/09/17 21:09:05
LogWindows: Failed to load 'aqProf.dll' (GetLastError=126)
LogWindows: File 'aqProf.dll' does not exist
LogWindows: Failed to load 'VSPerf140.dll' (GetLastError=126)
LogWindows: File 'VSPerf140.dll' does not exist
LogWindows: Failed to load 'VtuneApi.dll' (GetLastError=126)
LogWindows: File 'VtuneApi.dll' does not exist
LogWindows: Failed to load 'VtuneApi32e.dll' (GetLastError=126)
LogWindows: File 'VtuneApi32e.dll' does not exist
LogInit: Display: Running engine for game: Section_01
LogPlatformFile: Not using cached read wrapper
LogInit: Display: RandInit(-1558579841) SRandInit(-1558579841).
LogTaskGraph: Started task graph with 5 named threads and 8 total threads with 3 sets of task threads.
LogStats: Stats thread started at 0.308518
LogD3D11RHI: Aftermath initialized
LogPluginManager: Mounting plugin Paper2D
LogPluginManager: Mounting plugin LightPropagationVolume
LogPluginManager: Mounting plugin CodeLiteSourceCodeAccess
LogPluginManager: Mounting plugin GitSourceControl
LogPluginManager: Mounting plugin KDevelopSourceCodeAccess
LogPluginManager: Mounting plugin NullSourceCodeAccess
LogPluginManager: Mounting plugin PerforceSourceControl
LogPluginManager: Mounting plugin SubversionSourceControl
LogPluginManager: Mounting plugin UObjectPlugin
LogPluginManager: Mounting plugin VisualStudioSourceCodeAccess
LogPluginManager: Mounting plugin XCodeSourceCodeAccess
LogPluginManager: Mounting plugin AssetManagerEditor
LogPluginManager: Mounting plugin AudioCapture
LogPluginManager: Mounting plugin FacialAnimation
LogPluginManager: Mounting plugin GameplayTagsEditor
LogPluginManager: Mounting plugin MobileLauncherProfileWizard
LogPluginManager: Mounting plugin PluginBrowser
LogPluginManager: Mounting plugin SpeedTreeImporter
LogPluginManager: Mounting plugin AlembicImporter
LogPluginManager: Mounting plugin CharacterAI
LogPluginManager: Mounting plugin HTML5Networking
LogPluginManager: Mounting plugin AndroidMedia
LogPluginManager: Mounting plugin AvfMedia
LogPluginManager: Mounting plugin MediaPlayerEditor
LogPluginManager: Mounting plugin WmfMedia
LogPluginManager: Mounting plugin TcpMessaging
LogPluginManager: Mounting plugin UdpMessaging
LogPluginManager: Mounting plugin LevelSequenceEditor
LogPluginManager: Mounting plugin MatineeToLevelSequence
LogPluginManager: Mounting plugin OnlineSubsystemGooglePlay
LogPluginManager: Mounting plugin OnlineSubsystemIOS
LogPluginManager: Mounting plugin OnlineSubsystem
LogPluginManager: Mounting plugin OnlineSubsystemNull
LogPluginManager: Mounting plugin OnlineSubsystemUtils
LogPluginManager: Mounting plugin AndroidDeviceProfileSelector
LogPluginManager: Mounting plugin AndroidMoviePlayer
LogPluginManager: Mounting plugin AndroidPermission
LogPluginManager: Mounting plugin AppleMoviePlayer
LogPluginManager: Mounting plugin ArchVisCharacter
LogPluginManager: Mounting plugin CableComponent
LogPluginManager: Mounting plugin CustomMeshComponent
LogPluginManager: Mounting plugin ExampleDeviceProfileSelector
LogPluginManager: Mounting plugin GoogleCloudMessaging
LogPluginManager: Mounting plugin ImmediatePhysics
LogPluginManager: Mounting plugin IOSDeviceProfileSelector
LogPluginManager: Mounting plugin LinuxDeviceProfileSelector
LogPluginManager: Mounting plugin LocationServicesBPLibrary
LogPluginManager: Mounting plugin MobilePatchingUtils
LogPluginManager: Mounting plugin OculusVR
LogPluginManager: Mounting plugin PhysXVehicles
LogPluginManager: Mounting plugin ProceduralMeshComponent
LogPluginManager: Mounting plugin RuntimePhysXCooking
LogPluginManager: Mounting plugin SteamVR
LogPluginManager: Mounting plugin WindowsMoviePlayer
LogInit: Using libcurl 7.47.1
LogInit:  - built for x86_64-pc-win32
LogInit:  - supports SSL with OpenSSL/1.0.2g
LogInit:  - supports HTTP deflate (compression) using libz 1.2.8
LogInit:  - other features:
LogInit:      CURL_VERSION_SSL
LogInit:      CURL_VERSION_LIBZ
LogInit:      CURL_VERSION_IPV6
LogInit:      CURL_VERSION_ASYNCHDNS
LogInit:      CURL_VERSION_LARGEFILE
LogInit:      CURL_VERSION_IDN
LogInit:  CurlRequestOptions (configurable via config and command line):
LogInit:  - bVerifyPeer = false  - Libcurl will NOT verify peer certificate
LogInit:  - bUseHttpProxy = false  - Libcurl will NOT use HTTP proxy
LogInit:  - bDontReuseConnections = false  - Libcurl will reuse connections
LogInit:  - CertBundlePath = nullptr  - Libcurl will use whatever was configured at build time.
LogInit: Build: ++UE4+Release-4.17-CL-3658906
LogInit: Engine Version: 4.17.2-3658906+++UE4+Release-4.17
LogInit: Compatible Engine Version: 4.17.0-3573198+++UE4+Release-4.17
LogInit: Net CL: 3573198
LogDevObjectVersion: Number of dev versions registered: 16
LogDevObjectVersion:   Dev-Blueprints (B0D832E4-1F89-4F0D-ACCF-7EB736FD4AA2): 10
LogDevObjectVersion:   Dev-Build (E1C64328-A22C-4D53-A36C-8E866417BD8C): 0
LogDevObjectVersion:   Dev-Core (375EC13C-06E4-48FB-B500-84F0262A717E): 2
LogDevObjectVersion:   Dev-Editor (E4B068ED-F494-42E9-A231-DA0B2E46BB41): 20
LogDevObjectVersion:   Dev-Framework (CFFC743F-43B0-4480-9391-14DF171D2073): 28
LogDevObjectVersion:   Dev-Mobile (B02B49B5-BB20-44E9-A304-32B752E40360): 0
LogDevObjectVersion:   Dev-Networking (A4E4105C-59A1-49B5-A7C5-40C4547EDFEE): 0
LogDevObjectVersion:   Dev-Online (39C831C9-5AE6-47DC-9A44-9C173E1C8E7C): 0
LogDevObjectVersion:   Dev-Physics (78F01B33-EBEA-4F98-B9B4-84EACCB95AA2): 0
LogDevObjectVersion:   Dev-Platform (6631380F-2D4D-43E0-8009-CF276956A95A): 0
LogDevObjectVersion:   Dev-Rendering (12F88B9F-8875-4AFC-A67C-D90C383ABD29): 19
LogDevObjectVersion:   Dev-Sequencer (7B5AE74C-D270-4C10-A958-57980B212A5A): 4
LogDevObjectVersion:   Dev-VR (D7296918-1DD6-4BDD-9DE2-64A83CC13884): 0
LogDevObjectVersion:   Dev-LoadTimes (C2A15278-BFE7-4AFE-6C17-90FF531DF755): 1
LogDevObjectVersion:   Private-Geometry (6EACA3D4-40EC-4CC1-B786-8BED09428FC5): 1
LogDevObjectVersion:   Dev-AnimPhys (29E575DD-E0A3-4627-9D10-D276232CDCEA): 7
LogInit: Compiled (64-bit): Sep 22 2017 13:47:16
LogInit: Compiled with Visual C++: 19.00.24215.01
LogInit: Build Configuration: Development
LogInit: Branch Name: ++UE4+Release-4.17
LogInit: Command line:  
LogInit: Base directory: C:/Program Files/Epic Games/UE_4.17/Engine/Binaries/Win64/
LogInit: Installed Engine Build: 1
LogInit: Presizing for max 8388607 objects, including 0 objects not considered by GC, pre-allocating 0 bytes for permanent pool.
LogInit: Object subsystem initialized
[2017.10.09-18.09.08:613][  0]LogInit: Selected Device Profile: [Windows]
[2017.10.09-18.09.08:613][  0]LogInit: Applying CVar settings loaded from the selected device profile: [Windows]
[2017.10.09-18.09.08:706][  0]LogInit: Computer: KW0AJOHNSEN
[2017.10.09-18.09.08:706][  0]LogInit: User: AJohnsen
[2017.10.09-18.09.08:706][  0]LogInit: CPU Page size=4096, Cores=2
[2017.10.09-18.09.08:706][  0]LogInit: High frequency timer resolution =2.343751 MHz
[2017.10.09-18.09.08:707][  0]LogMemory: Memory total: Physical=3.4GB (4GB approx)
[2017.10.09-18.09.08:707][  0]LogMemory: Platform Memory Stats for Windows
[2017.10.09-18.09.08:707][  0]LogMemory: Process Physical Memory: 278.91 MB used, 278.91 MB peak
[2017.10.09-18.09.08:707][  0]LogMemory: Process Virtual Memory: 276.31 MB used, 276.31 MB peak
[2017.10.09-18.09.08:707][  0]LogMemory: Physical Memory: 3148.90 MB used,  374.43 MB free, 3523.33 MB total
[2017.10.09-18.09.08:707][  0]LogMemory: Virtual Memory: 673.72 MB used,  374.43 MB free, 134217728.00 MB total
[2017.10.09-18.09.09:277][  0]LogInit: Using OS detected language (en-US).
[2017.10.09-18.09.09:277][  0]LogInit: Using OS detected locale (en-US).
[2017.10.09-18.09.09:449][  0]LogTextLocalizationManager: No specific localization for 'en-US' exists, so the 'en' localization will be used.
[2017.10.09-18.09.31:486][  0]LogD3D11RHI: D3D11 adapters:
[2017.10.09-18.09.31:882][  0]LogD3D11RHI:    0. 'Intel(R) HD Graphics 520' (Feature Level 11_0)
[2017.10.09-18.09.31:882][  0]LogD3D11RHI:       128/0/1761 MB DedicatedVideo/DedicatedSystem/SharedSystem, Outputs:1, VendorId:0x8086
[2017.10.09-18.09.31:935][  0]LogD3D11RHI:    1. 'Microsoft Basic Render Driver' (Feature Level 11_0)
[2017.10.09-18.09.31:935][  0]LogD3D11RHI:       0/0/1761 MB DedicatedVideo/DedicatedSystem/SharedSystem, Outputs:0, VendorId:0x1414
[2017.10.09-18.09.31:935][  0]LogD3D11RHI: Chosen D3D11 Adapter: 0
[2017.10.09-18.09.31:943][  0]LogD3D11RHI: Creating new Direct3DDevice
[2017.10.09-18.09.31:943][  0]LogD3D11RHI:     GPU DeviceId: 0x1916 (for the marketing name, search the web for "GPU Device Id")
[2017.10.09-18.09.31:944][  0]LogWindows: EnumDisplayDevices:
[2017.10.09-18.09.31:944][  0]LogWindows:    0. 'Intel(R) HD Graphics 520' (P:1 D:1)
[2017.10.09-18.09.31:944][  0]LogWindows:    1. 'Intel(R) HD Graphics 520' (P:0 D:0)
[2017.10.09-18.09.31:944][  0]LogWindows:    2. 'Intel(R) HD Graphics 520' (P:0 D:0)
[2017.10.09-18.09.31:944][  0]LogWindows: DebugString: FoundDriverCount:3 
[2017.10.09-18.09.31:944][  0]LogD3D11RHI:     Adapter Name: Intel(R) HD Graphics 520
[2017.10.09-18.09.31:944][  0]LogD3D11RHI:   Driver Version: 21.20.16.4550 (internal:21.20.16.4550, unified:21.20.16.4550)
[2017.10.09-18.09.31:944][  0]LogD3D11RHI:      Driver Date: 11-11-2016
[2017.10.09-18.09.31:944][  0]LogRHI: Texture pool is 706 MB (70% of 1008 MB)
[2017.10.09-18.09.31:957][  0]LogD3D11RHI: Async texture creation enabled
[2017.10.09-18.09.31:963][  0]LogD3D11RHI: GPU Timing Frequency: 12.000000 (Debug: 2 0)
[2017.10.09-18.09.31:965][  0]LogShaderCompilers: Guid format shader working directory is -39 characters bigger than the processId version (../../../../../../Users/ajohnsen/Documents/GitHub/udemy_UE4_course/UE4Editor/Section_01/Intermediate/Shaders/WorkingDirectory/10640/).
[2017.10.09-18.09.31:965][  0]LogShaderCompilers: Cleaned the shader compiler working directory 'C:/Users/ajohnsen/AppData/Local/Temp/UnrealShaderWorkingDir/729899184C181E0CE7DE1BA9A5E50D2C/'.
[2017.10.09-18.09.31:965][  0]LogShaderCompilers: Display: Using Local Shader Compiler.
[2017.10.09-18.09.43:559][  0]LogTemp: Display: Loaded TP AllDesktopTargetPlatform
[2017.10.09-18.09.43:724][  0]LogTemp: Display: Loaded TP MacClientTargetPlatform
[2017.10.09-18.09.43:907][  0]LogTemp: Display: Loaded TP MacNoEditorTargetPlatform
[2017.10.09-18.09.44:086][  0]LogTemp: Display: Loaded TP MacServerTargetPlatform
[2017.10.09-18.09.44:285][  0]LogTemp: Display: Loaded TP MacTargetPlatform
[2017.10.09-18.09.44:454][  0]LogTemp: Display: Loaded TP WindowsClientTargetPlatform
[2017.10.09-18.09.44:647][  0]LogTemp: Display: Loaded TP WindowsNoEditorTargetPlatform
[2017.10.09-18.09.44:793][  0]LogTemp: Display: Loaded TP WindowsServerTargetPlatform
[2017.10.09-18.09.44:957][  0]LogTemp: Display: Loaded TP WindowsTargetPlatform
[2017.10.09-18.09.45:189][  0]LogTemp: Display: Loaded TP AndroidTargetPlatform
[2017.10.09-18.09.45:352][  0]LogTemp: Display: Loaded TP Android_ASTCTargetPlatform
[2017.10.09-18.09.45:534][  0]LogTemp: Display: Loaded TP Android_ATCTargetPlatform
[2017.10.09-18.09.45:717][  0]LogTemp: Display: Loaded TP Android_DXTTargetPlatform
[2017.10.09-18.09.45:898][  0]LogTemp: Display: Loaded TP Android_ETC1TargetPlatform
[2017.10.09-18.09.46:057][  0]LogTemp: Display: Loaded TP Android_ETC2TargetPlatform
[2017.10.09-18.09.46:377][  0]LogTemp: Display: Loaded TP Android_MultiTargetPlatform
[2017.10.09-18.09.46:377][  0]LogTemp: Display: Loaded TP Android_PVRTCTargetPlatform
[2017.10.09-18.09.46:541][  0]LogTemp: Display: Loaded TP HTML5TargetPlatform
[2017.10.09-18.09.46:986][  0]LogTemp: Display: Loaded TP IOSTargetPlatform
[2017.10.09-18.09.47:093][  0]LogTemp: Display: Loaded TP TVOSTargetPlatform
[2017.10.09-18.09.47:273][  0]LogTemp: Display: Loaded TP LinuxClientTargetPlatform
[2017.10.09-18.09.47:449][  0]LogTemp: Display: Loaded TP LinuxNoEditorTargetPlatform
[2017.10.09-18.09.47:615][  0]LogTemp: Display: Loaded TP LinuxServerTargetPlatform
[2017.10.09-18.09.47:793][  0]LogTemp: Display: Loaded TP LinuxTargetPlatform
[2017.10.09-18.09.47:793][  0]LogTargetPlatformManager: Display: Building Assets For Windows
[2017.10.09-18.09.49:568][  0]LogDerivedDataCache: Display: Max Cache Size: 512 MB
[2017.10.09-18.09.51:027][  0]LogDerivedDataCache: Loaded boot cache 1.46s 93MB C:/Users/ajohnsen/AppData/Local/UnrealEngine/4.17/DerivedDataCache/Boot.ddc.
[2017.10.09-18.09.51:028][  0]LogDerivedDataCache: Display: Loaded Boot cache: C:/Users/ajohnsen/AppData/Local/UnrealEngine/4.17/DerivedDataCache/Boot.ddc
[2017.10.09-18.09.51:028][  0]LogDerivedDataCache: FDerivedDataBackendGraph:  Pak pak cache file ../../../../../../Users/ajohnsen/Documents/GitHub/udemy_UE4_course/UE4Editor/Section_01/DerivedDataCache/DDC.ddp not found, will not use a pak cache.
[2017.10.09-18.09.51:028][  0]LogDerivedDataCache: Unable to find inner node Pak for hierarchical cache Hierarchy.
[2017.10.09-18.09.51:028][  0]LogDerivedDataCache: FDerivedDataBackendGraph:  CompressedPak pak cache file ../../../../../../Users/ajohnsen/Documents/GitHub/udemy_UE4_course/UE4Editor/Section_01/DerivedDataCache/Compressed.ddp not found, will not use a pak cache.
[2017.10.09-18.09.51:028][  0]LogDerivedDataCache: Unable to find inner node CompressedPak for hierarchical cache Hierarchy.
[2017.10.09-18.09.51:088][  0]LogDerivedDataCache: Display: Pak cache opened for reading ../../../Engine/DerivedDataCache/Compressed.ddp.
[2017.10.09-18.09.51:106][  0]LogDerivedDataCache: Using Local data cache path C:/Users/ajohnsen/AppData/Local/UnrealEngine/Common/DerivedDataCache: Writable
[2017.10.09-18.09.51:121][  0]LogMaterial: Verifying Global Shaders for PCD3D_SM5
[2017.10.09-18.09.51:121][  0]LogSlate: Using Freetype 2.6.0
[2017.10.09-18.09.51:312][  0]LogSlate: SlateFontCache - WITH_FREETYPE: 1, WITH_HARFBUZZ: 1
[2017.10.09-18.09.51:312][  0]LogSlate: SlateFontCache - WITH_FREETYPE: 1, WITH_HARFBUZZ: 1
[2017.10.09-18.09.55:751][  0]LogAssetRegistry: FAssetRegistry took 0.0791 seconds to start up
[2017.10.09-18.09.56:602][  0]LogInit: Selected Device Profile: [Windows]
[2017.10.09-18.10.02:729][  0]LogSimplygon: Simplygon DLL not present - disabling.
[2017.10.09-18.10.02:917][  0]LogMeshReduction: Using SimplygonSwarm for distributed automatic mesh merging
[2017.10.09-18.10.02:917][  0]LogMeshReduction: Using QuadricMeshReduction for automatic static mesh reduction
[2017.10.09-18.10.02:917][  0]LogMeshReduction: No automatic skeletal mesh reduction module available
[2017.10.09-18.10.02:917][  0]LogMeshReduction: No automatic mesh merging module available
[2017.10.09-18.10.02:917][  0]LogMeshMerging: No automatic mesh merging module available
[2017.10.09-18.10.02:919][  0]LogContentStreaming: Texture pool size is 0.00 MB
[2017.10.09-18.10.03:765][  0]LogNetVersion: Section_01 , NetCL: 3573198, EngineNetVer: 2, GameNetVer: 0 (Checksum: 2464864122)
[2017.10.09-18.10.08:159][  0]LogPackageLocalizationCache: Processed 5 localized package path(s) for 2 prioritized culture(s) in 0.321571 seconds
[2017.10.09-18.10.08:170][  0]LogUObjectArray: 35825 objects as part of root set at end of initial load.
[2017.10.09-18.10.08:170][  0]LogUObjectAllocator: 7529104 out of 0 bytes used by permanent object pool.
[2017.10.09-18.10.08:170][  0]LogUObjectArray: CloseDisregardForGC: 0/0 objects in disregard for GC pool
[2017.10.09-18.10.08:313][  0]LogInit: WinSock: version 1.1 (2.2), MaxSocks=32767, MaxUdp=65467
[2017.10.09-18.10.36:604][  0]LogTcpMessaging: Initializing TcpMessaging bridge
[2017.10.09-18.10.36:689][  0]LogUdpMessaging: Initializing bridge on interface 0.0.0.0:0 to multicast group 230.0.0.1:6666.
[2017.10.09-18.10.39:538][  0]LogMaterial: Uniform references updated for custom material expression Custom.
[2017.10.09-18.10.41:084][  0]SourceControl: Source control is disabled
[2017.10.09-18.10.41:084][  0]SourceControl: Source control is disabled
[2017.10.09-18.10.41:315][  0]SourceControl: Source control is disabled
[2017.10.09-18.10.41:523][  0]SourceControl: Source control is disabled
[2017.10.09-18.10.44:366][  0]LogAndroidPermission: UAndroidPermissionCallbackProxy::GetInstance
[2017.10.09-18.10.45:323][  0]LogOcInput: OculusInput pre-init called
[2017.10.09-18.10.46:383][  0]LogEngine: Initializing Engine...
[2017.10.09-18.10.46:388][  0]LogHMD: Failed to initialize OpenVR with code 110
[2017.10.09-18.10.47:226][  0]LogStats: UGameplayTagsManager::ConstructGameplayTagTree: Construct from data asset -  0.000 s
[2017.10.09-18.10.47:226][  0]LogStats: UGameplayTagsManager::ConstructGameplayTagTree: GameplayTagTreeChangedEvent.Broadcast -  0.000 s
[2017.10.09-18.10.50:644][  0]LogAIModule: Creating AISystem for world Untitled
[2017.10.09-18.10.50:743][  0]LogInit: XAudio2 using 'Speaker/HP (Realtek High Definition Audio)' : 2 channels at 48 kHz using 32 bits per sample (channel mask 0x3)
[2017.10.09-18.10.50:807][  0]LogInit: FAudioDevice initialized.
[2017.10.09-18.10.51:287][  0]LogDerivedDataCache: Saved boot cache 0.48s 93MB C:/Users/ajohnsen/AppData/Local/UnrealEngine/4.17/DerivedDataCache/Boot.ddc.
[2017.10.09-18.10.51:333][  0]LogInit: Texture streaming: Enabled
[2017.10.09-18.10.53:249][  0]LogEngineSessionManager: EngineSessionManager initialized
[2017.10.09-18.10.56:123][  0]LogInit: Transaction tracking system initialized
[2017.10.09-18.10.57:529][  0]BlueprintLog: New page: Editor Load
[2017.10.09-18.11.02:913][  0]LocalizationService: Localization service is disabled
[2017.10.09-18.11.06:369][  0]LogConsoleResponse: Display: 
[2017.10.09-18.11.10:926][  0]LogFileCache: Scanning file cache for directory 'C:/Users/ajohnsen/Documents/GitHub/udemy_UE4_course/UE4Editor/Section_01/Content/' took 0.02s
[2017.10.09-18.11.10:927][  0]LogCook: Display: Max memory allowance for cook 16384mb min free memory 0mb
[2017.10.09-18.11.10:956][  0]LogCook: Display: Mobile HDR setting 1
[2017.10.09-18.11.10:989][  0]LogGameplayTags: Display: UGameplayTagsManager::DoneAddingNativeTags. DelegateIsBound: 0
[2017.10.09-18.11.18:342][  0]SourceControl: Source control is disabled
[2017.10.09-18.11.18:403][  0]Cmd: MAP LOAD FILE="../../../../../../Users/ajohnsen/Documents/GitHub/udemy_UE4_course/UE4Editor/Section_01/Content/level01.umap" TEMPLATE=0 SHOWPROGRESS=1 FEATURELEVEL=3
[2017.10.09-18.11.18:485][  0]LightingResults: New page: Lighting Build
[2017.10.09-18.11.18:988][  0]MapCheck: New page: Map Check
[2017.10.09-18.11.18:988][  0]LightingResults: New page: Lighting Build
[2017.10.09-18.11.20:289][  0]LogLinker: Warning: Can't find file '/Game/level01_BuiltData'
[2017.10.09-18.11.20:289][  0]LogLinker: Warning: Can't find file for asset '/Game/level01_BuiltData' while loading ../../../../../../Users/ajohnsen/Documents/GitHub/udemy_UE4_course/UE4Editor/Section_01/Content/level01.umap.
[2017.10.09-18.11.20:289][  0]LoadErrors: Error: /Game/level01 : Can't find file for asset. /Game/level01_BuiltData
[2017.10.09-18.11.20:306][  0]LogLinker: Warning: Can't find file '/Game/level01_BuiltData'
[2017.10.09-18.11.20:306][  0]LogLinker: Warning: Can't find file for asset '/Game/level01_BuiltData' while loading ../../../../../../Users/ajohnsen/Documents/GitHub/udemy_UE4_course/UE4Editor/Section_01/Content/level01.umap.
[2017.10.09-18.11.20:306][  0]LoadErrors: Error: /Game/level01 : Can't find file for asset. /Game/level01_BuiltData
[2017.10.09-18.11.20:372][  0]LogLinker: Warning: Can't find file '/Game/level01_BuiltData'
[2017.10.09-18.11.20:372][  0]LoadErrors: Failed to load /Game/level01_BuiltData.level01_BuiltData Referenced by PersistentLevel
[2017.10.09-18.11.20:372][  0]LogLinker: Warning: Can't find file for asset '/Game/level01_BuiltData' while loading NULL.
[2017.10.09-18.11.20:372][  0]LoadErrors: Failed to load /Game/level01_BuiltData.level01_BuiltData Referenced by PersistentLevel
[2017.10.09-18.11.20:742][  0]LogAIModule: Creating AISystem for world level01
[2017.10.09-18.11.21:308][  0]LogEditorServer: Finished looking for orphan Actors (0.000 secs)
[2017.10.09-18.11.21:493][  0]Cmd: MAP CHECKDEP NOCLEARLOG
[2017.10.09-18.11.21:949][  0]MapCheck: Map check complete: 0 Error(s), 0 Warning(s), took 456.036ms to complete.
[2017.10.09-18.11.21:970][  0]LogFileHelpers: Loading map 'level01' took 3.599
[2017.10.09-18.11.23:836][  0]LogCollectionManager: Loaded 0 collections in 0.002560 seconds
[2017.10.09-18.11.24:148][  0]LogFileCache: Scanning file cache for directory 'C:/Users/ajohnsen/Documents/GitHub/udemy_UE4_course/UE4Editor/Section_01/Saved/Collections/' took 0.01s
[2017.10.09-18.11.24:148][  0]LogFileCache: Scanning file cache for directory 'C:/Users/ajohnsen/Documents/GitHub/udemy_UE4_course/UE4Editor/Section_01/Content/Developers/AJohnsen/Collections/' took 0.01s
[2017.10.09-18.11.24:148][  0]LogFileCache: Scanning file cache for directory 'C:/Users/ajohnsen/Documents/GitHub/udemy_UE4_course/UE4Editor/Section_01/Content/Collections/' took 0.01s
[2017.10.09-18.11.24:148][  0]LogCollectionManager: Rebuilt the GUID cache for 0 collections in 0.000001 seconds
[2017.10.09-18.11.24:198][  0]LogContentBrowser: Native class hierarchy populated in 0.0499 seconds. Added 2387 classes and 502 folders.
[2017.10.09-18.11.24:474][  0]LogContentBrowser: Native class hierarchy updated for 'WidgetCarousel' in 0.0028 seconds. Added 0 classes and 0 folders.
[2017.10.09-18.11.26:328][  0]LogContentBrowser: Native class hierarchy updated for 'AddContentDialog' in 0.0082 seconds. Added 0 classes and 0 folders.
[2017.10.09-18.11.26:616][  0]LogContentBrowser: Native class hierarchy updated for 'SceneOutliner' in 0.0030 seconds. Added 1 classes and 2 folders.
[2017.10.09-18.11.27:801][  0]LogSlate: Took 0.023724 seconds to synchronously load lazily loaded font '../../../Engine/Content/Slate/Fonts/Roboto-Regular.ttf' (155K)
[2017.10.09-18.11.27:854][  0]LogSlate: Took 0.026246 seconds to synchronously load lazily loaded font '../../../Engine/Content/Slate/Fonts/Roboto-Bold.ttf' (160K)
[2017.10.09-18.11.27:927][  0]LogSlate: Took 0.039634 seconds to synchronously load lazily loaded font '../../../Engine/Content/Editor/Slate/Fonts/FontAwesome.ttf' (139K)
[2017.10.09-18.11.28:607][  0]LogRenderer: Reallocating scene render targets to support 856x372 Format 10 NumSamples 1 (Frame:1).
[2017.10.09-18.11.31:243][  0]LogSlate: Took 0.040933 seconds to synchronously load lazily loaded font '../../../Engine/Content/Slate/Fonts/Roboto-Light.ttf' (159K)
[2017.10.09-18.11.31:773][  0]LogContentBrowser: Native class hierarchy updated for 'HierarchicalLODOutliner' in 0.0031 seconds. Added 1 classes and 2 folders.
[2017.10.09-18.11.31:773][  0]LogLoad: (Engine Initialization) Total time: 149.85 seconds
[2017.10.09-18.11.31:773][  0]LogLoad: (Engine Initialization) Total Blueprint compile time: 0.00 seconds
[2017.10.09-18.11.31:782][  0]LogExternalProfiler: No external profilers were discovered.  External profiling features will not be available.
[2017.10.09-18.11.31:816][  0]LogWindowsTextInputMethodSystem: Display: IME system now deactivated.
[2017.10.09-18.11.31:925][  0]LogContentStreaming: Texture pool size now 1000 MB
[2017.10.09-18.11.32:698][  5]LogAssetRegistry: Asset discovery search completed in 96.9695 seconds
[2017.10.09-18.11.32:717][  5]LogCollectionManager: Rebuilt the object cache for 0 collections in 0.000001 seconds (found 0 objects)
[2017.10.09-18.11.32:778][  5]LogCollectionManager: Fixed up redirectors for 0 collections in 0.036038 seconds (updated 0 objects)
[2017.10.09-18.11.46:946][314]LogSlate: Took 0.000776 seconds to synchronously load lazily loaded font '../../../Engine/Content/Slate/Fonts/Roboto-Light.ttf' (159K)
[2017.10.09-18.11.47:522][314]LogSavePackage: Save=382.59ms
[2017.10.09-18.11.47:522][314]LogSavePackage: Moving '../../../../../../Users/ajohnsen/Documents/GitHub/udemy_UE4_course/UE4Editor/Section_01/Saved/level0150C7DC894BC68C96EE80E7B891DAA268.tmp' to '../../../../../../Users/ajohnsen/Documents/GitHub/udemy_UE4_course/UE4Editor/Section_01/Content/level01.umap'
[2017.10.09-18.11.47:562][314]LogSavePackage: Display: Finished SavePackage ../../../../../../Users/ajohnsen/Documents/GitHub/udemy_UE4_course/UE4Editor/Section_01/Content/level01.umap
[2017.10.09-18.13.22:572][514]LogSavePackage: Save=63.63ms
[2017.10.09-18.13.22:572][514]LogSavePackage: Moving '../../../../../../Users/ajohnsen/Documents/GitHub/udemy_UE4_course/UE4Editor/Section_01/Saved/level016F48B88146D5604ADF89BABEF5193BB9.tmp' to '../../../../../../Users/ajohnsen/Documents/GitHub/udemy_UE4_course/UE4Editor/Section_01/Content/level01.umap'
[2017.10.09-18.13.22:647][514]LogSavePackage: Display: Finished SavePackage ../../../../../../Users/ajohnsen/Documents/GitHub/udemy_UE4_course/UE4Editor/Section_01/Content/level01.umap
[2017.10.09-18.13.22:729][514]LogFileHelpers: Saving map 'level01' took 0.621
[2017.10.09-18.13.30:573][689]MapCheck: New page: Map Check
[2017.10.09-18.13.30:645][689]Cmd: MAP REBUILD ALLVISIBLE
[2017.10.09-18.13.30:646][689]LogEditorServer: Rebuildmap Clear paths rebuilt
[2017.10.09-18.13.32:396][689]LogMaterial: Missing cached shader map for material FDebugViewModeMaterialProxy WorldGridMaterial, compiling. Is special engine material.
[2017.10.09-18.13.32:496][689]LogMaterial: Missing cached shader map for material FDebugViewModeMaterialProxy DefaultMaterial, compiling. 
[2017.10.09-18.13.32:509][689]LogMaterial: Missing cached shader map for material FDebugViewModeMaterialProxy MaterialInstanceDynamic_1, compiling. 
[2017.10.09-18.13.32:523][689]LogMaterial: Missing cached shader map for material FDebugViewModeMaterialProxy BasicShapeMaterial, compiling. 
[2017.10.09-18.13.40:091][689]TextureStreamingBuild: Display: Compiling optional shaders took 7.738 seconds.
[2017.10.09-18.13.40:163][689]LogLevel: Display: Export Material TexCoord Scales took 0.071 seconds.
[2017.10.09-18.13.40:189][689]TextureStreamingBuild: Display: Build Texture Streaming took 0.017 seconds.
[2017.10.09-18.13.40:296][689]LightingResults: New page: Lighting Build - Oct 10, 2017, 12:13:40 AM
[2017.10.09-18.13.42:548][689]LogSwarmInterface: [OpenConnection] Registering TCP channel ...
[2017.10.09-18.13.45:290][689]LogSwarmInterface: [OpenConnection] Connecting to agent ...
[2017.10.09-18.13.46:326][689]LogSwarmInterface: [TryOpenConnection] Testing the Agent
[2017.10.09-18.13.49:617][689]LogSwarmInterface: Error: [TryOpenConnection] Waiting for the agent to start up ...
[2017.10.09-18.13.49:716][689]LogSwarmInterface: Error: System.Net.Sockets.SocketException (0x80004005): No connection could be made because the target machine actively refused it 127.0.0.1:8008

Server stack trace: 
   at System.Net.Sockets.Socket.DoConnect(EndPoint endPointSnapshot, SocketAddress socketAddress)
   at System.Net.Sockets.Socket.Connect(EndPoint remoteEP)
   at System.Runtime.Remoting.Channels.RemoteConnection.CreateNewSocket(EndPoint ipEndPoint)
   at System.Runtime.Remoting.Channels.SocketCache.GetSocket(String machinePortAndSid, Boolean openNew)
   at System.Runtime.Remoting.Channels.Tcp.TcpClientTransportSink.SendRequestWithRetry(IMessage msg, ITransportHeaders requestHeaders, Stream requestStream)
   at System.Runtime.Remoting.Channels.Tcp.TcpClientTransportSink.AsyncProcessRequest(IClientChannelSinkStack sinkStack, IMessage msg, ITransportHeaders headers, Stream stream)
   at System.Runtime.Remoting.Channels.BinaryClientFormatterSink.AsyncProcessMessage(IMessage msg, IMessageSink replySink)

Exception rethrown at [0]: 
   at System.Runtime.Remoting.Proxies.RealProxy.HandleReturnMessage(IMessage reqMsg, IMessage retMsg)
   at System.Runtime.Remoting.Proxies.RealProxy.PrivateInvoke(MessageData& msgData, Int32 type)
   at NSwarm.IAgentInterfaceWrapper.MethodDelegate.EndInvoke(Hashtable& OutParameters, IAsyncResult result)
   at NSwarm.FSwarmInterface.TryOpenConnection(FConnectionCallback CallbackFunc, IntPtr CallbackData, ELogFlags LoggingFlags)
[2017.10.09-18.13.56:718][689]LogSwarmInterface: Error: [TryOpenConnection] Waiting for the agent to start up ...
[2017.10.09-18.13.56:719][689]LogSwarmInterface: Error: System.Net.Sockets.SocketException (0x80004005): No connection could be made because the target machine actively refused it 127.0.0.1:8008

Server stack trace: 
   at System.Net.Sockets.Socket.DoConnect(EndPoint endPointSnapshot, SocketAddress socketAddress)
   at System.Net.Sockets.Socket.Connect(EndPoint remoteEP)
   at System.Runtime.Remoting.Channels.RemoteConnection.CreateNewSocket(EndPoint ipEndPoint)
   at System.Runtime.Remoting.Channels.SocketCache.GetSocket(String machinePortAndSid, Boolean openNew)
   at System.Runtime.Remoting.Channels.Tcp.TcpClientTransportSink.SendRequestWithRetry(IMessage msg, ITransportHeaders requestHeaders, Stream requestStream)
   at System.Runtime.Remoting.Channels.Tcp.TcpClientTransportSink.AsyncProcessRequest(IClientChannelSinkStack sinkStack, IMessage msg, ITransportHeaders headers, Stream stream)
   at System.Runtime.Remoting.Channels.BinaryClientFormatterSink.AsyncProcessMessage(IMessage msg, IMessageSink replySink)

Exception rethrown at [0]: 
   at System.Runtime.Remoting.Proxies.RealProxy.HandleReturnMessage(IMessage reqMsg, IMessage retMsg)
   at System.Runtime.Remoting.Proxies.RealProxy.PrivateInvoke(MessageData& msgData, Int32 type)
   at NSwarm.IAgentInterfaceWrapper.MethodDelegate.EndInvoke(Hashtable& OutParameters, IAsyncResult result)
   at NSwarm.FSwarmInterface.TryOpenConnection(FConnectionCallback CallbackFunc, IntPtr CallbackData, ELogFlags LoggingFlags)
[2017.10.09-18.14.05:345][689]LogSwarmInterface: [TryOpenConnection] Opening Connection to Agent
[2017.10.09-18.14.05:345][689]LogSwarmInterface: [TryOpenConnection] Local Process ID is 10640
[2017.10.09-18.14.27:814][689]LogStaticLightingSystem: Warning: No importance volume found, so the scene bounding box was used.  You can optimize your scene's quality and lighting build times by adding importance volumes.
[2017.10.09-18.14.27:906][689]LogStaticLightingSystem: Running Lightmass w/ ImmediateImport mode ENABLED
[2017.10.09-18.14.27:913][689]LogStaticLightingSystem: Running Lightmass w/ ImmediateProcess mode ENABLED
[2017.10.09-18.14.27:913][689]LogStaticLightingSystem: Running Lightmass w/ Sorting mode ENABLED
[2017.10.09-18.14.27:913][689]LogStaticLightingSystem: Running Lightmass w/ Mapping paddings ENABLED
[2017.10.09-18.14.27:913][689]LogStaticLightingSystem: Running Lightmass w/ Mapping debug paddings DISABLED
[2017.10.09-18.14.30:099][689]Cmd: MAP CHECK DONTDISPLAYDIALOG
[2017.10.09-18.14.30:099][689]MapCheck: New page: level01 - Oct 10, 2017, 12:14:30 AM
[2017.10.09-18.14.30:146][689]MapCheck: Error: WorldSettings_1 Maps need lighting rebuilt 
[2017.10.09-18.14.30:642][689]MapCheck: Map check complete: 1 Error(s), 0 Warning(s), took 542.71ms to complete.
[2017.10.09-18.14.30:669][689]LogEditorBuildUtils: Build time 1:00
[2017.10.09-18.14.30:737][689]LogMaterial: Missing cached shader map for material FLightmassMaterialRenderer DefaultMaterial, compiling. 
[2017.10.09-18.14.30:753][689]LogMaterial: Missing cached shader map for material FLightmassMaterialRenderer DefaultMaterial, compiling. 
[2017.10.09-18.14.31:212][690]LogMaterial: Missing cached shader map for material FLightmassMaterialRenderer MaterialInstanceDynamic_1, compiling. 
[2017.10.09-18.14.31:225][690]LogMaterial: Missing cached shader map for material FLightmassMaterialRenderer MaterialInstanceDynamic_1, compiling. 
[2017.10.09-18.14.31:322][691]LogMaterial: Missing cached shader map for material FLightmassMaterialRenderer BasicShapeMaterial, compiling. 
[2017.10.09-18.14.31:342][691]LogMaterial: Missing cached shader map for material FLightmassMaterialRenderer BasicShapeMaterial, compiling. 
[2017.10.09-18.14.31:403][692]LogMaterial: Missing cached shader map for material FLightmassMaterialRenderer WorldGridMaterial, compiling. Is special engine material.
[2017.10.09-18.14.31:460][692]LogMaterial: Missing cached shader map for material FLightmassMaterialRenderer WorldGridMaterial, compiling. Is special engine material.
[2017.10.09-18.15.22:471][429]Job is a success!
[2017.10.09-18.15.23:100][430]LogTexture: Display: Building textures: LQ_Lightmap_0_1 (DXT1, 256X256)
[2017.10.09-18.15.23:101][430]LogTexture: Display: Building textures: HQ_Lightmap0_1 (AutoDXT, 256X256)
[2017.10.09-18.15.23:101][430]LogTexture: Display: Building textures: HQ_Lightmap0_2 (AutoDXT, 64X64)
[2017.10.09-18.15.23:101][430]LogTexture: Display: Building textures: LQ_Lightmap_0_2 (DXT1, 64X64)
[2017.10.09-18.15.23:221][430]LogTexture: Display: Building textures: ShadowMapTexture2D_0 (G8, 256X128)
[2017.10.09-18.15.23:222][430]LogTexture: Display: Building textures: ShadowMapTexture2D_1 (G8, 32X32)
[2017.10.09-18.15.23:530][430]Lightmass on KW0AJOHNSEN: 35.3 sec total, 12.3 sec importing, 460 ms setup, 1.87 sec photons, 14.2 sec processing, 0 ms extra exporting [3/3 mappings]. Threads: 55.6 sec total, 27.8 sec processing.
[2017.10.09-18.15.23:659][430]LogStaticLightingSystem: Illumination: 1:43 min (126 ms encoding lightmaps, 127 ms encoding shadowmaps)
[2017.10.09-18.15.23:660][430]LogStaticLightingSystem: Lightmap texture memory:  0.1 MB (0.1 MB streaming, 0.0 MB non-streaming), 4 textures
[2017.10.09-18.15.23:660][430]LogStaticLightingSystem: Shadowmap texture memory: 0.0 MB (0.0 MB streaming, 0.0 MB non-streaming), 2 textures
[2017.10.09-18.15.24:337][430]DumpUnbuiltLightIteractions
[2017.10.09-18.15.24:337][430]Lights with unbuilt interactions: 0
[2017.10.09-18.15.24:337][430]
[2017.10.09-18.15.24:337][430]Primitives with unbuilt interactions: 0
[2017.10.09-18.15.24:377][431]Cmd: MAP CHECK NOTIFYRESULTS
[2017.10.09-18.15.24:377][431]MapCheck: New page: level01 - Oct 10, 2017, 12:15:24 AM
[2017.10.09-18.15.24:751][431]MapCheck: Map check complete: 0 Error(s), 0 Warning(s), took 374.187ms to complete.
[2017.10.09-18.16.33:200][120]LogSavePackage: Save=49.41ms
[2017.10.09-18.16.33:200][120]LogSavePackage: Moving '../../../../../../Users/ajohnsen/Documents/GitHub/udemy_UE4_course/UE4Editor/Section_01/Saved/level01075B04354154B801F93CA6BDD053FDB2.tmp' to '../../../../../../Users/ajohnsen/Documents/GitHub/udemy_UE4_course/UE4Editor/Section_01/Content/level01.umap'
[2017.10.09-18.16.33:217][120]LogSavePackage: Display: Finished SavePackage ../../../../../../Users/ajohnsen/Documents/GitHub/udemy_UE4_course/UE4Editor/Section_01/Content/level01.umap
[2017.10.09-18.16.33:262][120]LogFileHelpers: Saving map 'level01' took 0.480
[2017.10.09-18.16.33:269][120]Cmd: OBJ SAVEPACKAGE PACKAGE="/Game/level01_BuiltData" FILE="../../../../../../Users/ajohnsen/Documents/GitHub/udemy_UE4_course/UE4Editor/Section_01/Content/level01_BuiltData.uasset" SILENT=true
[2017.10.09-18.16.33:374][120]LogSavePackage: Save=94.29ms
[2017.10.09-18.16.33:374][120]LogSavePackage: Moving '../../../../../../Users/ajohnsen/Documents/GitHub/udemy_UE4_course/UE4Editor/Section_01/Saved/level01_BuiltDataB95DC83A4E2DD12520A177B123828755.tmp' to '../../../../../../Users/ajohnsen/Documents/GitHub/udemy_UE4_course/UE4Editor/Section_01/Content/level01_BuiltData.uasset'
[2017.10.09-18.16.33:390][120]LogSavePackage: Display: Finished SavePackage ../../../../../../Users/ajohnsen/Documents/GitHub/udemy_UE4_course/UE4Editor/Section_01/Content/level01_BuiltData.uasset
[2017.10.09-18.16.37:599][212]LogWindowsTextInputMethodSystem: Display: IME system now deactivated.
[2017.10.09-18.16.39:354][213]Cmd: QUIT_EDITOR
[2017.10.09-18.16.40:553][213]LogExit: Preparing to exit.
[2017.10.09-18.16.42:674][213]LogDirectoryWatcher: A directory notification for 'C:/Users/ajohnsen/Documents/GitHub/udemy_UE4_course/UE4Editor/Section_01/Content/' was aborted.
[2017.10.09-18.16.43:014][213]LogExit: Editor shut down
[2017.10.09-18.16.43:020][213]LogExit: Transaction tracking system shut down
[2017.10.09-18.16.43:557][213]LogDirectoryWatcher: A directory notification for '../../../Engine/Content/' was aborted.
[2017.10.09-18.16.43:558][213]LogDirectoryWatcher: A directory notification for '../../../../../../Users/ajohnsen/Documents/GitHub/udemy_UE4_course/UE4Editor/Section_01/Content/' was aborted.
[2017.10.09-18.16.43:559][213]LogDirectoryWatcher: A directory notification for '../../../Engine/Plugins/2D/Paper2D/Content/' was aborted.
[2017.10.09-18.16.43:561][213]LogDirectoryWatcher: A directory notification for '../../../Engine/Plugins/Runtime/Oculus/OculusVR/Content/' was aborted.
[2017.10.09-18.16.43:562][213]LogDirectoryWatcher: A directory notification for '../../../Engine/Plugins/Runtime/Steam/SteamVR/Content/' was aborted.
[2017.10.09-18.16.46:073][213]LogExit: Object subsystem successfully closed.
[2017.10.09-18.16.46:280][213]LogD3D11RHI: Shutdown
[2017.10.09-18.16.46:288][213]LogD3D11RHI: CleanupD3DDevice
[2017.10.09-18.16.46:373][213]LogD3D11RHI: ~FD3D11DynamicRHI
[2017.10.09-18.16.47:311][213]LogModuleManager: Shutting down and abandoning module HierarchicalLODUtilities (534)
[2017.10.09-18.16.47:318][213]LogModuleManager: Shutting down and abandoning module HierarchicalLODOutliner (532)
[2017.10.09-18.16.47:318][213]LogModuleManager: Shutting down and abandoning module SceneOutliner (530)
[2017.10.09-18.16.47:326][213]LogModuleManager: Shutting down and abandoning module AddContentDialog (528)
[2017.10.09-18.16.47:340][213]LogDirectoryWatcher: A directory notification for 'C:/Program Files/Epic Games/UE_4.17/FeaturePacks/' was aborted.
[2017.10.09-18.16.47:355][213]LogModuleManager: Shutting down and abandoning module WidgetCarousel (527)
[2017.10.09-18.16.47:355][213]LogModuleManager: Shutting down and abandoning module EditorWidgets (524)
[2017.10.09-18.16.47:355][213]LogModuleManager: Shutting down and abandoning module CollectionManager (522)
[2017.10.09-18.16.47:360][213]LogDirectoryWatcher: A directory notification for 'C:/Users/ajohnsen/Documents/GitHub/udemy_UE4_course/UE4Editor/Section_01/Content/Collections/' was aborted.
[2017.10.09-18.16.47:361][213]LogDirectoryWatcher: A directory notification for 'C:/Users/ajohnsen/Documents/GitHub/udemy_UE4_course/UE4Editor/Section_01/Content/Developers/AJohnsen/Collections/' was aborted.
[2017.10.09-18.16.47:361][213]LogDirectoryWatcher: A directory notification for 'C:/Users/ajohnsen/Documents/GitHub/udemy_UE4_course/UE4Editor/Section_01/Saved/Collections/' was aborted.
[2017.10.09-18.16.47:362][213]LogModuleManager: Shutting down and abandoning module StatsViewer (520)
[2017.10.09-18.16.47:366][213]LogModuleManager: Shutting down and abandoning module FoliageEdit (518)
[2017.10.09-18.16.47:367][213]LogModuleManager: Shutting down and abandoning module LandscapeEditor (516)
[2017.10.09-18.16.47:389][213]LogModuleManager: Shutting down and abandoning module MeshPaintMode (514)
[2017.10.09-18.16.47:389][213]LogModuleManager: Shutting down and abandoning module SceneDepthPickerMode (512)
[2017.10.09-18.16.47:389][213]LogModuleManager: Shutting down and abandoning module ActorPickerMode (510)
[2017.10.09-18.16.47:389][213]LogModuleManager: Shutting down and abandoning module GeometryMode (508)
[2017.10.09-18.16.47:389][213]LogModuleManager: Shutting down and abandoning module TextureAlignMode (506)
[2017.10.09-18.16.47:389][213]LogModuleManager: Shutting down and abandoning module BspMode (504)
[2017.10.09-18.16.47:400][213]LogModuleManager: Shutting down and abandoning module PIEPreviewDeviceProfileSelector (502)
[2017.10.09-18.16.47:401][213]LogModuleManager: Shutting down and abandoning module HardwareSurvey (500)
[2017.10.09-18.16.47:401][213]LogModuleManager: Shutting down and abandoning module SequenceRecorderSections (498)
[2017.10.09-18.16.47:406][213]LogModuleManager: Shutting down and abandoning module AutomationWorker (496)
[2017.10.09-18.16.47:410][213]LogModuleManager: Shutting down and abandoning module MatineeToLevelSequence (494)
[2017.10.09-18.16.47:422][213]LogModuleManager: Shutting down and abandoning module LevelSequenceEditor (492)
[2017.10.09-18.16.47:469][213]LogModuleManager: Shutting down and abandoning module PlacementMode (491)
[2017.10.09-18.16.47:470][213]LogModuleManager: Shutting down and abandoning module WmfMediaFactory (488)
[2017.10.09-18.16.47:470][213]LogModuleManager: Shutting down and abandoning module WmfMediaEditor (486)
[2017.10.09-18.16.47:470][213]LogModuleManager: Shutting down and abandoning module AvfMediaFactory (484)
[2017.10.09-18.16.47:470][213]LogModuleManager: Shutting down and abandoning module AvfMediaEditor (482)
[2017.10.09-18.16.47:470][213]LogModuleManager: Shutting down and abandoning module AndroidMediaFactory (480)
[2017.10.09-18.16.47:471][213]LogModuleManager: Shutting down and abandoning module Media (479)
[2017.10.09-18.16.47:471][213]LogModuleManager: Shutting down and abandoning module AndroidMediaEditor (476)
[2017.10.09-18.16.47:471][213]LogModuleManager: Shutting down and abandoning module CharacterAI (474)
[2017.10.09-18.16.47:472][213]LogModuleManager: Shutting down and abandoning module AudioCapture (472)
[2017.10.09-18.16.47:472][213]LogModuleManager: Shutting down and abandoning module SequenceRecorder (471)
[2017.10.09-18.16.47:476][213]LogModuleManager: Shutting down and abandoning module SmartSnapping (468)
[2017.10.09-18.16.47:477][213]LogModuleManager: Shutting down and abandoning module SessionServices (466)
[2017.10.09-18.16.47:477][213]LogModuleManager: Shutting down and abandoning module ViewportSnapping (464)
[2017.10.09-18.16.47:477][213]LogModuleManager: Shutting down and abandoning module ViewportInteraction (462)
[2017.10.09-18.16.47:477][213]LogModuleManager: Shutting down and abandoning module ClothPainter (460)
[2017.10.09-18.16.47:495][213]LogModuleManager: Shutting down and abandoning module LogVisualizer (458)
[2017.10.09-18.16.47:509][213]LogModuleManager: Shutting down and abandoning module IntroTutorials (456)
[2017.10.09-18.16.47:527][213]LogModuleManager: Shutting down and abandoning module GameProjectGeneration (455)
[2017.10.09-18.16.47:539][213]LogModuleManager: Shutting down and abandoning module IOSPlatformEditor (452)
[2017.10.09-18.16.47:550][213]LogModuleManager: Shutting down and abandoning module HTML5PlatformEditor (450)
[2017.10.09-18.16.47:550][213]LogModuleManager: Shutting down and abandoning module AndroidPlatformEditor (448)
[2017.10.09-18.16.47:550][213]LogModuleManager: Shutting down and abandoning module AndroidDeviceDetection (447)
[2017.10.09-18.16.47:778][213]LogModuleManager: Shutting down and abandoning module WindowsPlatformEditor (444)
[2017.10.09-18.16.47:778][213]LogModuleManager: Shutting down and abandoning module IOSRuntimeSettings (442)
[2017.10.09-18.16.47:778][213]LogModuleManager: Shutting down and abandoning module AndroidRuntimeSettings (440)
[2017.10.09-18.16.47:778][213]LogModuleManager: Shutting down and abandoning module InputBindingEditor (438)
[2017.10.09-18.16.47:796][213]LogModuleManager: Shutting down and abandoning module MergeActors (436)
[2017.10.09-18.16.47:808][213]LogModuleManager: Shutting down and abandoning module SizeMap (434)
[2017.10.09-18.16.47:808][213]LogModuleManager: Shutting down and abandoning module TreeMap (432)
[2017.10.09-18.16.47:817][213]LogModuleManager: Shutting down and abandoning module ReferenceViewer (430)
[2017.10.09-18.16.47:818][213]LogModuleManager: Shutting down and abandoning module LocalizationDashboard (428)
[2017.10.09-18.16.47:846][213]LogModuleManager: Shutting down and abandoning module LocalizationService (427)
[2017.10.09-18.16.47:855][213]LogModuleManager: Shutting down and abandoning module HardwareTargeting (424)
[2017.10.09-18.16.47:855][213]LogModuleManager: Shutting down and abandoning module DeviceProfileEditor (422)
[2017.10.09-18.16.47:863][213]LogModuleManager: Shutting down and abandoning module UndoHistory (420)
[2017.10.09-18.16.47:864][213]LogModuleManager: Shutting down and abandoning module XmlParser (418)
[2017.10.09-18.16.47:882][213]LogModuleManager: Shutting down and abandoning module Blutility (416)
[2017.10.09-18.16.47:882][213]LogModuleManager: Shutting down and abandoning module ProjectSettingsViewer (414)
[2017.10.09-18.16.47:882][213]LogModuleManager: Shutting down and abandoning module ProjectTargetPlatformEditor (413)
[2017.10.09-18.16.47:883][213]LogModuleManager: Shutting down and abandoning module EditorSettingsViewer (410)
[2017.10.09-18.16.47:883][213]LogModuleManager: Shutting down and abandoning module SettingsEditor (408)
[2017.10.09-18.16.47:900][213]LogModuleManager: Shutting down and abandoning module ProjectLauncher (406)
[2017.10.09-18.16.47:906][213]LogModuleManager: Shutting down and abandoning module SessionFrontend (404)
[2017.10.09-18.16.47:917][213]LogModuleManager: Shutting down and abandoning module ProfilerClient (402)
[2017.10.09-18.16.47:921][213]LogModuleManager: Shutting down and abandoning module DeviceManager (400)
[2017.10.09-18.16.47:931][213]LogModuleManager: Shutting down and abandoning module TargetDeviceServices (399)
[2017.10.09-18.16.47:990][213]LogModuleManager: Shutting down and abandoning module AutomationController (396)
[2017.10.09-18.16.47:998][213]LogModuleManager: Shutting down and abandoning module AutomationWindow (394)
[2017.10.09-18.16.48:008][213]LogModuleManager: Shutting down and abandoning module Layers (392)
[2017.10.09-18.16.48:024][213]LogModuleManager: Shutting down and abandoning module ComponentVisualizers (390)
[2017.10.09-18.16.48:024][213]LogModuleManager: Shutting down and abandoning module DetailCustomizations (388)
[2017.10.09-18.16.48:034][213]LogModuleManager: Shutting down and abandoning module PackagesDialog (386)
[2017.10.09-18.16.48:035][213]LogModuleManager: Shutting down and abandoning module Persona (384)
[2017.10.09-18.16.48:059][213]LogModuleManager: Shutting down and abandoning module AdvancedPreviewScene (383)
[2017.10.09-18.16.48:059][213]LogModuleManager: Shutting down and abandoning module AnimGraph (381)
[2017.10.09-18.16.48:068][213]LogModuleManager: Shutting down and abandoning module Kismet (378)
[2017.10.09-18.16.48:082][213]LogModuleManager: Shutting down and abandoning module ClassViewer (376)
[2017.10.09-18.16.48:082][213]LogModuleManager: Shutting down and abandoning module Toolbox (374)
[2017.10.09-18.16.48:082][213]LogModuleManager: Shutting down and abandoning module ModuleUI (372)
[2017.10.09-18.16.48:083][213]LogModuleManager: Shutting down and abandoning module MovieSceneTools (370)
[2017.10.09-18.16.48:101][213]LogModuleManager: Shutting down and abandoning module OutputLog (368)
[2017.10.09-18.16.48:111][213]LogModuleManager: Shutting down and abandoning module GammaUI (366)
[2017.10.09-18.16.48:112][213]LogModuleManager: Shutting down and abandoning module Documentation (364)
[2017.10.09-18.16.48:113][213]LogModuleManager: Shutting down and abandoning module MovieSceneTracks (362)
[2017.10.09-18.16.48:113][213]LogModuleManager: Shutting down and abandoning module MovieScene (360)
[2017.10.09-18.16.48:116][213]LogModuleManager: Shutting down and abandoning module Niagara (358)
[2017.10.09-18.16.48:116][213]LogModuleManager: Shutting down and abandoning module NiagaraEditor (357)
[2017.10.09-18.16.48:145][213]LogModuleManager: Shutting down and abandoning module StreamingPauseRendering (354)
[2017.10.09-18.16.48:145][213]LogModuleManager: Shutting down and abandoning module LauncherPlatform (352)
[2017.10.09-18.16.48:145][213]LogModuleManager: Shutting down and abandoning module AnalyticsET (350)
[2017.10.09-18.16.48:145][213]LogModuleManager: Shutting down and abandoning module PortalServices (348)
[2017.10.09-18.16.48:145][213]LogModuleManager: Shutting down and abandoning module PortalRpc (346)
[2017.10.09-18.16.48:145][213]LogModuleManager: Shutting down and abandoning module MessagingRpc (344)
[2017.10.09-18.16.48:145][213]LogModuleManager: Shutting down and abandoning module AIModule (342)
[2017.10.09-18.16.48:153][213]LogModuleManager: Shutting down and abandoning module GameplayDebugger (341)
[2017.10.09-18.16.48:155][213]LogModuleManager: Shutting down and abandoning module AITestSuite (339)
[2017.10.09-18.16.48:169][213]LogModuleManager: Shutting down and abandoning module ProfilerService (336)
[2017.10.09-18.16.48:327][213]LogModuleManager: Shutting down and abandoning module TaskGraph (334)
[2017.10.09-18.16.48:358][213]LogModuleManager: Shutting down and abandoning module SteamVRController (332)
[2017.10.09-18.16.48:358][213]LogModuleManager: Shutting down and abandoning module ProceduralMeshComponentEditor (330)
[2017.10.09-18.16.48:358][213]LogModuleManager: Shutting down and abandoning module ProceduralMeshComponent (328)
[2017.10.09-18.16.48:358][213]LogModuleManager: Shutting down and abandoning module OculusInput (326)
[2017.10.09-18.16.48:365][213]LogModuleManager: Shutting down and abandoning module MobilePatchingUtils (324)
[2017.10.09-18.16.48:365][213]LogModuleManager: Shutting down and abandoning module CustomMeshComponent (322)
[2017.10.09-18.16.48:365][213]LogModuleManager: Shutting down and abandoning module CableComponent (320)
[2017.10.09-18.16.48:369][213]LogModuleManager: Shutting down and abandoning module ArchVisCharacter (318)
[2017.10.09-18.16.48:370][213]LogModuleManager: Shutting down and abandoning module AndroidPermission (316)
[2017.10.09-18.16.48:370][213]LogModuleManager: Shutting down and abandoning module MediaPlayerEditor (312)
[2017.10.09-18.16.48:398][213]LogModuleManager: Shutting down and abandoning module HTML5Networking (310)
[2017.10.09-18.16.48:399][213]LogModuleManager: Shutting down and abandoning module AlembicImporter (308)
[2017.10.09-18.16.48:405][213]LogModuleManager: Shutting down and abandoning module AlembicLibrary (307)
[2017.10.09-18.16.48:405][213]LogModuleManager: Shutting down and abandoning module GeometryCache (306)
[2017.10.09-18.16.48:405][213]LogModuleManager: Shutting down and abandoning module GeometryCacheEd (305)
[2017.10.09-18.16.48:405][213]LogModuleManager: Shutting down and abandoning module SpeedTreeImporter (300)
[2017.10.09-18.16.48:405][213]LogModuleManager: Shutting down and abandoning module PluginBrowser (298)
[2017.10.09-18.16.48:427][213]LogModuleManager: Shutting down and abandoning module MobileLauncherProfileWizard (296)
[2017.10.09-18.16.48:439][213]LogModuleManager: Shutting down and abandoning module VisualStudioSourceCodeAccess (294)
[2017.10.09-18.16.48:439][213]LogModuleManager: Shutting down and abandoning module DesktopPlatform (293)
[2017.10.09-18.16.48:440][213]LogModuleManager: Shutting down and abandoning module UObjectPlugin (290)
[2017.10.09-18.16.48:440][213]LogModuleManager: Shutting down and abandoning module SubversionSourceControl (288)
[2017.10.09-18.16.48:445][213]LogModuleManager: Shutting down and abandoning module PerforceSourceControl (286)
[2017.10.09-18.16.48:455][213]LogModuleManager: Shutting down and abandoning module GitSourceControl (284)
[2017.10.09-18.16.48:464][213]LogModuleManager: Shutting down and abandoning module SourceControl (283)
[2017.10.09-18.16.48:478][213]LogModuleManager: Shutting down and abandoning module LightPropagationVolumeEditor (280)
[2017.10.09-18.16.48:478][213]LogModuleManager: Shutting down and abandoning module PaperTiledImporter (278)
[2017.10.09-18.16.48:478][213]LogModuleManager: Shutting down and abandoning module PaperSpriteSheetImporter (276)
[2017.10.09-18.16.48:478][213]LogModuleManager: Shutting down and abandoning module Paper2DEditor (274)
[2017.10.09-18.16.48:494][213]LogModuleManager: Shutting down and abandoning module MeshPaint (273)
[2017.10.09-18.16.48:502][213]LogModuleManager: Shutting down and abandoning module LevelEditor (271)
[2017.10.09-18.16.48:513][213]LogModuleManager: Shutting down and abandoning module PixelInspectorModule (270)
[2017.10.09-18.16.48:524][213]LogModuleManager: Shutting down and abandoning module MainFrame (268)
[2017.10.09-18.16.48:524][213]LogModuleManager: Shutting down and abandoning module HotReload (267)
[2017.10.09-18.16.48:534][213]LogDirectoryWatcher: A directory notification for 'C:/Users/ajohnsen/Documents/GitHub/udemy_UE4_course/UE4Editor/Section_01/Binaries/Win64' was aborted.
[2017.10.09-18.16.48:566][213]LogModuleManager: Shutting down and abandoning module Section_01 (262)
[2017.10.09-18.16.48:566][213]LogModuleManager: Shutting down and abandoning module RuntimePhysXCooking (260)
[2017.10.09-18.16.48:566][213]LogModuleManager: Shutting down and abandoning module PhysXVehiclesEditor (258)
[2017.10.09-18.16.48:567][213]LogModuleManager: Shutting down and abandoning module PhysXVehicles (256)
[2017.10.09-18.16.48:567][213]LogModuleManager: Shutting down and abandoning module OculusEditor (254)
[2017.10.09-18.16.48:567][213]LogModuleManager: Shutting down and abandoning module LocationServicesBPLibrary (252)
[2017.10.09-18.16.48:567][213]LogModuleManager: Shutting down and abandoning module ImmediatePhysicsEditor (250)
[2017.10.09-18.16.48:567][213]LogModuleManager: Shutting down and abandoning module ImmediatePhysics (248)
[2017.10.09-18.16.48:580][213]LogModuleManager: Shutting down and abandoning module UdpMessaging (246)
[2017.10.09-18.16.48:681][213]LogModuleManager: Shutting down and abandoning module TcpMessaging (244)
[2017.10.09-18.16.48:808][213]LogModuleManager: Shutting down and abandoning module GameplayTagsEditor (242)
[2017.10.09-18.16.48:839][213]LogModuleManager: Shutting down and abandoning module FacialAnimationEditor (240)
[2017.10.09-18.16.48:839][213]LogModuleManager: Shutting down and abandoning module FacialAnimation (238)
[2017.10.09-18.16.48:839][213]LogModuleManager: Shutting down and abandoning module AssetManagerEditor (236)
[2017.10.09-18.16.48:847][213]LogModuleManager: Shutting down and abandoning module GraphEditor (235)
[2017.10.09-18.16.48:880][213]LogModuleManager: Shutting down and abandoning module ContentBrowser (233)
[2017.10.09-18.16.48:883][213]LogModuleManager: Shutting down and abandoning module LightPropagationVolumeRuntime (230)
[2017.10.09-18.16.48:883][213]LogModuleManager: Shutting down and abandoning module Paper2D (228)
[2017.10.09-18.16.48:889][213]LogModuleManager: Shutting down and abandoning module WindowsMoviePlayer (226)
[2017.10.09-18.16.48:899][213]LogModuleManager: Shutting down and abandoning module WmfMedia (224)
[2017.10.09-18.16.48:909][213]LogModuleManager: Shutting down and abandoning module PacketHandler (222)
[2017.10.09-18.16.48:909][213]LogModuleManager: Shutting down and abandoning module ClothingSystemEditor (220)
[2017.10.09-18.16.48:917][213]LogModuleManager: Shutting down and abandoning module ClothingSystemRuntime (218)
[2017.10.09-18.16.48:938][213]LogModuleManager: Shutting down and abandoning module Overlay (216)
[2017.10.09-18.16.48:938][213]LogModuleManager: Shutting down and abandoning module OverlayEditor (215)
[2017.10.09-18.16.48:938][213]LogModuleManager: Shutting down and abandoning module MediaAssets (212)
[2017.10.09-18.16.48:939][213]LogModuleManager: Shutting down and abandoning module VREditor (210)
[2017.10.09-18.16.48:948][213]LogModuleManager: Shutting down and abandoning module StringTableEditor (208)
[2017.10.09-18.16.48:953][213]LogModuleManager: Shutting down and abandoning module GameplayTasksEditor (206)
[2017.10.09-18.16.48:953][213]LogModuleManager: Shutting down and abandoning module BehaviorTreeEditor (204)
[2017.10.09-18.16.48:992][213]LogModuleManager: Shutting down and abandoning module FunctionalTesting (202)
[2017.10.09-18.16.48:992][213]LogModuleManager: Shutting down and abandoning module CollisionAnalyzer (200)
[2017.10.09-18.16.48:999][213]LogModuleManager: Shutting down and abandoning module WorkspaceMenuStructure (199)
[2017.10.09-18.16.49:000][213]LogModuleManager: Shutting down and abandoning module UMG (196)
[2017.10.09-18.16.49:037][213]LogModuleManager: Shutting down and abandoning module UMGEditor (195)
[2017.10.09-18.16.49:060][213]LogModuleManager: Shutting down and abandoning module Sequencer (194)
[2017.10.09-18.16.49:074][213]LogModuleManager: Shutting down and abandoning module MessageLog (191)
[2017.10.09-18.16.49:074][213]LogModuleManager: Shutting down and abandoning module SlateReflector (186)
[2017.10.09-18.16.49:096][213]LogModuleManager: Shutting down and abandoning module Slate (184)
[2017.10.09-18.16.49:096][213]LogModuleManager: Shutting down and abandoning module EditorStyle (182)
[2017.10.09-18.16.49:118][213]LogModuleManager: Shutting down and abandoning module MRMesh (180)
[2017.10.09-18.16.49:119][213]LogModuleManager: Shutting down and abandoning module SourceCodeAccess (178)
[2017.10.09-18.16.49:119][213]LogModuleManager: Shutting down and abandoning module HeadMountedDisplay (176)
[2017.10.09-18.16.49:119][213]LogModuleManager: Shutting down and abandoning module XAudio2 (174)
[2017.10.09-18.16.49:119][213]LogModuleManager: Shutting down and abandoning module Networking (172)
[2017.10.09-18.16.49:119][213]LogModuleManager: Shutting down and abandoning module Core (168)
[2017.10.09-18.16.49:119][213]LogModuleManager: Shutting down and abandoning module KismetCompiler (164)
[2017.10.09-18.16.49:119][213]LogModuleManager: Shutting down and abandoning module LevelSequence (162)
[2017.10.09-18.16.49:119][213]LogModuleManager: Shutting down and abandoning module MeshUtilities (160)
[2017.10.09-18.16.49:142][213]LogModuleManager: Shutting down and abandoning module MeshMergeUtilities (159)
[2017.10.09-18.16.49:147][213]LogModuleManager: Shutting down and abandoning module MeshReductionInterface (158)
[2017.10.09-18.16.49:147][213]LogModuleManager: Shutting down and abandoning module SimplygonSwarm (157)
[2017.10.09-18.16.49:152][213]LogModuleManager: Shutting down and abandoning module SimplygonMeshReduction (155)
[2017.10.09-18.16.49:152][213]LogModuleManager: Shutting down and abandoning module QuadricMeshReduction (153)
[2017.10.09-18.16.49:159][213]LogModuleManager: Shutting down and abandoning module MaterialBaking (149)
[2017.10.09-18.16.49:164][213]LogModuleManager: Shutting down and abandoning module DirectoryWatcher (146)
[2017.10.09-18.16.49:170][213]LogModuleManager: Shutting down and abandoning module DerivedDataCache (144)
[2017.10.09-18.16.49:258][213]LogDerivedDataCache: Shutdown
[2017.10.09-18.16.49:258][213]LogModuleManager: Shutting down and abandoning module TargetPlatform (142)
[2017.10.09-18.16.49:278][213]LogModuleManager: Shutting down and abandoning module VulkanShaderFormat (141)
[2017.10.09-18.16.49:300][213]LogModuleManager: Shutting down and abandoning module ShaderFormatVectorVM (139)
[2017.10.09-18.16.49:314][213]LogModuleManager: Shutting down and abandoning module ShaderFormatOpenGL (137)
[2017.10.09-18.16.49:320][213]LogModuleManager: Shutting down and abandoning module ShaderFormatD3D (135)
[2017.10.09-18.16.49:325][213]LogModuleManager: Shutting down and abandoning module MetalShaderFormat (133)
[2017.10.09-18.16.49:335][213]LogModuleManager: Shutting down and abandoning module TextureFormatUncompressed (131)
[2017.10.09-18.16.49:335][213]LogModuleManager: Shutting down and abandoning module TextureFormatPVR (129)
[2017.10.09-18.16.49:335][213]LogModuleManager: Shutting down and abandoning module TextureFormatDXT (127)
[2017.10.09-18.16.49:335][213]LogModuleManager: Shutting down and abandoning module TextureFormatIntelISPCTexComp (125)
[2017.10.09-18.16.49:342][213]LogModuleManager: Shutting down and abandoning module TextureFormatASTC (123)
[2017.10.09-18.16.49:342][213]LogModuleManager: Shutting down and abandoning module ImageWrapper (122)
[2017.10.09-18.16.49:342][213]LogModuleManager: Shutting down and abandoning module TextureFormatAndroid (119)
[2017.10.09-18.16.49:342][213]LogModuleManager: Shutting down and abandoning module AudioFormatOpus (117)
[2017.10.09-18.16.49:342][213]LogModuleManager: Shutting down and abandoning module AudioFormatOgg (115)
[2017.10.09-18.16.49:342][213]LogModuleManager: Shutting down and abandoning module AudioFormatADPCM (113)
[2017.10.09-18.16.49:342][213]LogModuleManager: Shutting down and abandoning module LinuxTargetPlatform (111)
[2017.10.09-18.16.49:342][213]LogModuleManager: Shutting down and abandoning module LinuxServerTargetPlatform (109)
[2017.10.09-18.16.49:342][213]LogModuleManager: Shutting down and abandoning module LinuxNoEditorTargetPlatform (107)
[2017.10.09-18.16.49:342][213]LogModuleManager: Shutting down and abandoning module LinuxClientTargetPlatform (105)
[2017.10.09-18.16.49:342][213]LogModuleManager: Shutting down and abandoning module TVOSTargetPlatform (103)
[2017.10.09-18.16.49:342][213]LogModuleManager: Shutting down and abandoning module Messaging (101)
[2017.10.09-18.16.49:349][213]LogModuleManager: Shutting down and abandoning module IOSTargetPlatform (99)
[2017.10.09-18.16.49:349][213]LogModuleManager: Shutting down and abandoning module HTML5TargetPlatform (97)
[2017.10.09-18.16.49:349][213]LogModuleManager: Shutting down and abandoning module Android_PVRTCTargetPlatform (95)
[2017.10.09-18.16.49:349][213]LogModuleManager: Shutting down and abandoning module Android_MultiTargetPlatform (93)
[2017.10.09-18.16.49:349][213]LogModuleManager: Shutting down and abandoning module Android_ETC2TargetPlatform (91)
[2017.10.09-18.16.49:349][213]LogModuleManager: Shutting down and abandoning module Android_ETC1TargetPlatform (89)
[2017.10.09-18.16.49:349][213]LogModuleManager: Shutting down and abandoning module Android_DXTTargetPlatform (87)
[2017.10.09-18.16.49:349][213]LogModuleManager: Shutting down and abandoning module Android_ATCTargetPlatform (85)
[2017.10.09-18.16.49:349][213]LogModuleManager: Shutting down and abandoning module Android_ASTCTargetPlatform (83)
[2017.10.09-18.16.49:349][213]LogModuleManager: Shutting down and abandoning module AndroidTargetPlatform (81)
[2017.10.09-18.16.49:349][213]LogModuleManager: Shutting down and abandoning module WindowsTargetPlatform (79)
[2017.10.09-18.16.49:349][213]LogModuleManager: Shutting down and abandoning module WindowsServerTargetPlatform (77)
[2017.10.09-18.16.49:349][213]LogModuleManager: Shutting down and abandoning module WindowsNoEditorTargetPlatform (75)
[2017.10.09-18.16.49:349][213]LogModuleManager: Shutting down and abandoning module WindowsClientTargetPlatform (73)
[2017.10.09-18.16.49:349][213]LogModuleManager: Shutting down and abandoning module MacTargetPlatform (71)
[2017.10.09-18.16.49:349][213]LogModuleManager: Shutting down and abandoning module MacServerTargetPlatform (69)
[2017.10.09-18.16.49:349][213]LogModuleManager: Shutting down and abandoning module MacNoEditorTargetPlatform (67)
[2017.10.09-18.16.49:349][213]LogModuleManager: Shutting down and abandoning module MacClientTargetPlatform (65)
[2017.10.09-18.16.49:349][213]LogModuleManager: Shutting down and abandoning module AllDesktopTargetPlatform (63)
[2017.10.09-18.16.49:349][213]LogModuleManager: Shutting down and abandoning module InputCore (60)
[2017.10.09-18.16.49:349][213]LogModuleManager: Shutting down and abandoning module Settings (58)
[2017.10.09-18.16.49:349][213]LogModuleManager: Shutting down and abandoning module PhysXCooking (56)
[2017.10.09-18.16.49:349][213]LogModuleManager: Shutting down and abandoning module SteamVR (54)
[2017.10.09-18.16.49:349][213]LogModuleManager: Shutting down and abandoning module OculusHMD (52)
[2017.10.09-18.16.49:363][213]LogModuleManager: Shutting down and abandoning module ExampleDeviceProfileSelector (50)
[2017.10.09-18.16.49:363][213]LogModuleManager: Shutting down and abandoning module OnlineBlueprintSupport (48)
[2017.10.09-18.16.49:363][213]LogModuleManager: Shutting down and abandoning module OnlineSubsystem (44)
[2017.10.09-18.16.49:363][213]LogOnline: Display: Unloading online subsystem: NULL
[2017.10.09-18.16.49:398][213]LogModuleManager: Shutting down and abandoning module XMPP (43)
[2017.10.09-18.16.49:420][213]LogModuleManager: Shutting down and abandoning module HTTP (41)
[2017.10.09-18.16.49:420][213]LogHttp: Display: Http module shutting down, but needs to wait on 1 outstanding Http requests:
[2017.10.09-18.16.49:438][213]LogHttp: Display: 	verb=[POST] url=[https://datarouter.ol.epicgames.com/datarouter/api/v1/public/data?SessionID=%7B3E07529E-48CA-43DD-194C-0D8949A50A79%7D&AppID=UEEditor.Rocket.Release&AppVersion=4.17.2-3658906%2B%2B%2BUE4%2BRelease-4.17&UserID=d66ac47e4acc88512e812dbbf20ed440%7C0ef800ff43f842ef920ca8ced9afaf29%7C75ecdfba-5b15-4d99-884a-df293109bba3&AppEnvironment=datacollector-binary&UploadType=eteventstream] status=Processing
[2017.10.09-18.16.49:464][213]LogModuleManager: Shutting down and abandoning module SSL (40)
[2017.10.09-18.16.49:488][213]LogModuleManager: Shutting down and abandoning module AnimationModifiers (36)
[2017.10.09-18.16.49:496][213]LogModuleManager: Shutting down and abandoning module PropertyEditor (35)
[2017.10.09-18.16.49:497][213]LogModuleManager: Shutting down and abandoning module AudioEditor (32)
[2017.10.09-18.16.49:517][213]LogModuleManager: Shutting down and abandoning module TextureCompressor (30)
[2017.10.09-18.16.49:517][213]LogModuleManager: Shutting down and abandoning module ShaderCore (28)
[2017.10.09-18.16.49:517][213]LogModuleManager: Shutting down and abandoning module Landscape (26)
[2017.10.09-18.16.49:517][213]LogModuleManager: Shutting down and abandoning module SlateRHIRenderer (24)
[2017.10.09-18.16.49:536][213]LogModuleManager: Shutting down and abandoning module OpenGLDrv (22)
[2017.10.09-18.16.49:539][213]LogModuleManager: Shutting down and abandoning module D3D11RHI (20)
[2017.10.09-18.16.49:539][213]LogModuleManager: Shutting down and abandoning module AnimGraphRuntime (18)
[2017.10.09-18.16.49:546][213]LogModuleManager: Shutting down and abandoning module Renderer (16)
[2017.10.09-18.16.49:547][213]LogModuleManager: Shutting down and abandoning module Engine (14)
[2017.10.09-18.16.49:547][213]LogModuleManager: Shutting down and abandoning module CoreUObject (12)
[2017.10.09-18.16.49:547][213]LogModuleManager: Shutting down and abandoning module NetworkFile (10)
[2017.10.09-18.16.49:558][213]LogModuleManager: Shutting down and abandoning module CookedIterativeFile (8)
[2017.10.09-18.16.49:558][213]LogModuleManager: Shutting down and abandoning module StreamingFile (6)
[2017.10.09-18.16.49:562][213]LogModuleManager: Shutting down and abandoning module SandboxFile (4)
[2017.10.09-18.16.49:566][213]LogModuleManager: Shutting down and abandoning module PakFile (2)
[2017.10.09-18.16.49:594][213]LogExit: Exiting.
[2017.10.09-18.16.49:714][213]Log file closed, 10/09/17 21:16:49
