Log file open, 10/09/17 20:53:23
LogWindows: Failed to load 'aqProf.dll' (GetLastError=126)
LogWindows: File 'aqProf.dll' does not exist
LogWindows: Failed to load 'VSPerf140.dll' (GetLastError=126)
LogWindows: File 'VSPerf140.dll' does not exist
LogWindows: Failed to load 'VtuneApi.dll' (GetLastError=126)
LogWindows: File 'VtuneApi.dll' does not exist
LogWindows: Failed to load 'VtuneApi32e.dll' (GetLastError=126)
LogWindows: File 'VtuneApi32e.dll' does not exist
LogInit: Display: Running engine for game: Section_01
LogPlatformFile: Not using cached read wrapper
LogInit: Display: RandInit(500701577) SRandInit(500701577).
LogTaskGraph: Started task graph with 5 named threads and 8 total threads with 3 sets of task threads.
LogStats: Stats thread started at 1.073382
LogD3D11RHI: Aftermath initialized
LogPluginManager: Mounting plugin Paper2D
LogPluginManager: Mounting plugin LightPropagationVolume
LogPluginManager: Mounting plugin CodeLiteSourceCodeAccess
LogPluginManager: Mounting plugin GitSourceControl
LogPluginManager: Mounting plugin KDevelopSourceCodeAccess
LogPluginManager: Mounting plugin NullSourceCodeAccess
LogPluginManager: Mounting plugin PerforceSourceControl
LogPluginManager: Mounting plugin SubversionSourceControl
LogPluginManager: Mounting plugin UObjectPlugin
LogPluginManager: Mounting plugin VisualStudioSourceCodeAccess
LogPluginManager: Mounting plugin XCodeSourceCodeAccess
LogPluginManager: Mounting plugin AssetManagerEditor
LogPluginManager: Mounting plugin AudioCapture
LogPluginManager: Mounting plugin FacialAnimation
LogPluginManager: Mounting plugin GameplayTagsEditor
LogPluginManager: Mounting plugin MobileLauncherProfileWizard
LogPluginManager: Mounting plugin PluginBrowser
LogPluginManager: Mounting plugin SpeedTreeImporter
LogPluginManager: Mounting plugin AlembicImporter
LogPluginManager: Mounting plugin CharacterAI
LogPluginManager: Mounting plugin HTML5Networking
LogPluginManager: Mounting plugin AndroidMedia
LogPluginManager: Mounting plugin AvfMedia
LogPluginManager: Mounting plugin MediaPlayerEditor
LogPluginManager: Mounting plugin WmfMedia
LogPluginManager: Mounting plugin TcpMessaging
LogPluginManager: Mounting plugin UdpMessaging
LogPluginManager: Mounting plugin LevelSequenceEditor
LogPluginManager: Mounting plugin MatineeToLevelSequence
LogPluginManager: Mounting plugin OnlineSubsystemGooglePlay
LogPluginManager: Mounting plugin OnlineSubsystemIOS
LogPluginManager: Mounting plugin OnlineSubsystem
LogPluginManager: Mounting plugin OnlineSubsystemNull
LogPluginManager: Mounting plugin OnlineSubsystemUtils
LogPluginManager: Mounting plugin AndroidDeviceProfileSelector
LogPluginManager: Mounting plugin AndroidMoviePlayer
LogPluginManager: Mounting plugin AndroidPermission
LogPluginManager: Mounting plugin AppleMoviePlayer
LogPluginManager: Mounting plugin ArchVisCharacter
LogPluginManager: Mounting plugin CableComponent
LogPluginManager: Mounting plugin CustomMeshComponent
LogPluginManager: Mounting plugin ExampleDeviceProfileSelector
LogPluginManager: Mounting plugin GoogleCloudMessaging
LogPluginManager: Mounting plugin ImmediatePhysics
LogPluginManager: Mounting plugin IOSDeviceProfileSelector
LogPluginManager: Mounting plugin LinuxDeviceProfileSelector
LogPluginManager: Mounting plugin LocationServicesBPLibrary
LogPluginManager: Mounting plugin MobilePatchingUtils
LogPluginManager: Mounting plugin OculusVR
LogPluginManager: Mounting plugin PhysXVehicles
LogPluginManager: Mounting plugin ProceduralMeshComponent
LogPluginManager: Mounting plugin RuntimePhysXCooking
LogPluginManager: Mounting plugin SteamVR
LogPluginManager: Mounting plugin WindowsMoviePlayer
LogInit: Using libcurl 7.47.1
LogInit:  - built for x86_64-pc-win32
LogInit:  - supports SSL with OpenSSL/1.0.2g
LogInit:  - supports HTTP deflate (compression) using libz 1.2.8
LogInit:  - other features:
LogInit:      CURL_VERSION_SSL
LogInit:      CURL_VERSION_LIBZ
LogInit:      CURL_VERSION_IPV6
LogInit:      CURL_VERSION_ASYNCHDNS
LogInit:      CURL_VERSION_LARGEFILE
LogInit:      CURL_VERSION_IDN
LogInit:  CurlRequestOptions (configurable via config and command line):
LogInit:  - bVerifyPeer = false  - Libcurl will NOT verify peer certificate
LogInit:  - bUseHttpProxy = false  - Libcurl will NOT use HTTP proxy
LogInit:  - bDontReuseConnections = false  - Libcurl will reuse connections
LogInit:  - CertBundlePath = nullptr  - Libcurl will use whatever was configured at build time.
LogInit: Build: ++UE4+Release-4.17-CL-3658906
LogInit: Engine Version: 4.17.2-3658906+++UE4+Release-4.17
LogInit: Compatible Engine Version: 4.17.0-3573198+++UE4+Release-4.17
LogInit: Net CL: 3573198
LogDevObjectVersion: Number of dev versions registered: 16
LogDevObjectVersion:   Dev-Blueprints (B0D832E4-1F89-4F0D-ACCF-7EB736FD4AA2): 10
LogDevObjectVersion:   Dev-Build (E1C64328-A22C-4D53-A36C-8E866417BD8C): 0
LogDevObjectVersion:   Dev-Core (375EC13C-06E4-48FB-B500-84F0262A717E): 2
LogDevObjectVersion:   Dev-Editor (E4B068ED-F494-42E9-A231-DA0B2E46BB41): 20
LogDevObjectVersion:   Dev-Framework (CFFC743F-43B0-4480-9391-14DF171D2073): 28
LogDevObjectVersion:   Dev-Mobile (B02B49B5-BB20-44E9-A304-32B752E40360): 0
LogDevObjectVersion:   Dev-Networking (A4E4105C-59A1-49B5-A7C5-40C4547EDFEE): 0
LogDevObjectVersion:   Dev-Online (39C831C9-5AE6-47DC-9A44-9C173E1C8E7C): 0
LogDevObjectVersion:   Dev-Physics (78F01B33-EBEA-4F98-B9B4-84EACCB95AA2): 0
LogDevObjectVersion:   Dev-Platform (6631380F-2D4D-43E0-8009-CF276956A95A): 0
LogDevObjectVersion:   Dev-Rendering (12F88B9F-8875-4AFC-A67C-D90C383ABD29): 19
LogDevObjectVersion:   Dev-Sequencer (7B5AE74C-D270-4C10-A958-57980B212A5A): 4
LogDevObjectVersion:   Dev-VR (D7296918-1DD6-4BDD-9DE2-64A83CC13884): 0
LogDevObjectVersion:   Dev-LoadTimes (C2A15278-BFE7-4AFE-6C17-90FF531DF755): 1
LogDevObjectVersion:   Private-Geometry (6EACA3D4-40EC-4CC1-B786-8BED09428FC5): 1
LogDevObjectVersion:   Dev-AnimPhys (29E575DD-E0A3-4627-9D10-D276232CDCEA): 7
LogInit: Compiled (64-bit): Sep 22 2017 13:47:16
LogInit: Compiled with Visual C++: 19.00.24215.01
LogInit: Build Configuration: Development
LogInit: Branch Name: ++UE4+Release-4.17
LogInit: Command line: -EpicPortal 
LogInit: Base directory: C:/Program Files/Epic Games/UE_4.17/Engine/Binaries/Win64/
LogInit: Installed Engine Build: 1
LogInit: Presizing for max 8388607 objects, including 0 objects not considered by GC, pre-allocating 0 bytes for permanent pool.
LogInit: Object subsystem initialized
[2017.10.09-17.53.30:343][  0]LogInit: Selected Device Profile: [Windows]
[2017.10.09-17.53.30:343][  0]LogInit: Applying CVar settings loaded from the selected device profile: [Windows]
[2017.10.09-17.53.30:639][  0]LogInit: Computer: KW0AJOHNSEN
[2017.10.09-17.53.30:639][  0]LogInit: User: AJohnsen
[2017.10.09-17.53.30:639][  0]LogInit: CPU Page size=4096, Cores=2
[2017.10.09-17.53.30:639][  0]LogInit: High frequency timer resolution =2.343751 MHz
[2017.10.09-17.53.30:639][  0]LogMemory: Memory total: Physical=3.4GB (4GB approx)
[2017.10.09-17.53.30:639][  0]LogMemory: Platform Memory Stats for Windows
[2017.10.09-17.53.30:639][  0]LogMemory: Process Physical Memory: 278.14 MB used, 278.14 MB peak
[2017.10.09-17.53.30:639][  0]LogMemory: Process Virtual Memory: 274.15 MB used, 274.15 MB peak
[2017.10.09-17.53.30:639][  0]LogMemory: Physical Memory: 2353.45 MB used,  1169.88 MB free, 3523.33 MB total
[2017.10.09-17.53.30:639][  0]LogMemory: Virtual Memory: 671.66 MB used,  1169.88 MB free, 134217728.00 MB total
[2017.10.09-17.53.34:168][  0]LogInit: Using OS detected language (en-US).
[2017.10.09-17.53.34:168][  0]LogInit: Using OS detected locale (en-US).
[2017.10.09-17.53.35:946][  0]LogTextLocalizationManager: No specific localization for 'en-US' exists, so the 'en' localization will be used.
[2017.10.09-17.53.53:276][  0]LogD3D11RHI: D3D11 adapters:
[2017.10.09-17.53.53:333][  0]LogD3D11RHI:    0. 'Intel(R) HD Graphics 520' (Feature Level 11_0)
[2017.10.09-17.53.53:333][  0]LogD3D11RHI:       128/0/1761 MB DedicatedVideo/DedicatedSystem/SharedSystem, Outputs:1, VendorId:0x8086
[2017.10.09-17.53.53:337][  0]LogD3D11RHI:    1. 'Microsoft Basic Render Driver' (Feature Level 11_0)
[2017.10.09-17.53.53:337][  0]LogD3D11RHI:       0/0/1761 MB DedicatedVideo/DedicatedSystem/SharedSystem, Outputs:0, VendorId:0x1414
[2017.10.09-17.53.53:337][  0]LogD3D11RHI: Chosen D3D11 Adapter: 0
[2017.10.09-17.53.53:344][  0]LogD3D11RHI: Creating new Direct3DDevice
[2017.10.09-17.53.53:344][  0]LogD3D11RHI:     GPU DeviceId: 0x1916 (for the marketing name, search the web for "GPU Device Id")
[2017.10.09-17.53.53:344][  0]LogWindows: EnumDisplayDevices:
[2017.10.09-17.53.53:344][  0]LogWindows:    0. 'Intel(R) HD Graphics 520' (P:1 D:1)
[2017.10.09-17.53.53:344][  0]LogWindows:    1. 'Intel(R) HD Graphics 520' (P:0 D:0)
[2017.10.09-17.53.53:344][  0]LogWindows:    2. 'Intel(R) HD Graphics 520' (P:0 D:0)
[2017.10.09-17.53.53:344][  0]LogWindows: DebugString: FoundDriverCount:3 
[2017.10.09-17.53.53:344][  0]LogD3D11RHI:     Adapter Name: Intel(R) HD Graphics 520
[2017.10.09-17.53.53:344][  0]LogD3D11RHI:   Driver Version: 21.20.16.4550 (internal:21.20.16.4550, unified:21.20.16.4550)
[2017.10.09-17.53.53:344][  0]LogD3D11RHI:      Driver Date: 11-11-2016
[2017.10.09-17.53.53:344][  0]LogRHI: Texture pool is 706 MB (70% of 1008 MB)
[2017.10.09-17.53.53:356][  0]LogD3D11RHI: Async texture creation enabled
[2017.10.09-17.53.53:364][  0]LogD3D11RHI: GPU Timing Frequency: 12.000000 (Debug: 2 0)
[2017.10.09-17.53.53:366][  0]LogShaderCompilers: Guid format shader working directory is -38 characters bigger than the processId version (../../../../../../Users/ajohnsen/Documents/GitHub/udemy_UE4_course/UE4Editor/Section_01/Intermediate/Shaders/WorkingDirectory/6024/).
[2017.10.09-17.53.53:383][  0]LogShaderCompilers: Cleaned the shader compiler working directory 'C:/Users/ajohnsen/AppData/Local/Temp/UnrealShaderWorkingDir/EB90BE6D4AA8077AABE950BCE19F0B65/'.
[2017.10.09-17.53.53:383][  0]LogShaderCompilers: Display: Using Local Shader Compiler.
[2017.10.09-17.54.00:329][  0]LogTemp: Display: Loaded TP AllDesktopTargetPlatform
[2017.10.09-17.54.00:484][  0]LogTemp: Display: Loaded TP MacClientTargetPlatform
[2017.10.09-17.54.00:627][  0]LogTemp: Display: Loaded TP MacNoEditorTargetPlatform
[2017.10.09-17.54.00:794][  0]LogTemp: Display: Loaded TP MacServerTargetPlatform
[2017.10.09-17.54.01:002][  0]LogTemp: Display: Loaded TP MacTargetPlatform
[2017.10.09-17.54.01:179][  0]LogTemp: Display: Loaded TP WindowsClientTargetPlatform
[2017.10.09-17.54.01:341][  0]LogTemp: Display: Loaded TP WindowsNoEditorTargetPlatform
[2017.10.09-17.54.01:478][  0]LogTemp: Display: Loaded TP WindowsServerTargetPlatform
[2017.10.09-17.54.01:609][  0]LogTemp: Display: Loaded TP WindowsTargetPlatform
[2017.10.09-17.54.01:824][  0]LogTemp: Display: Loaded TP AndroidTargetPlatform
[2017.10.09-17.54.02:007][  0]LogTemp: Display: Loaded TP Android_ASTCTargetPlatform
[2017.10.09-17.54.02:174][  0]LogTemp: Display: Loaded TP Android_ATCTargetPlatform
[2017.10.09-17.54.02:339][  0]LogTemp: Display: Loaded TP Android_DXTTargetPlatform
[2017.10.09-17.54.02:492][  0]LogTemp: Display: Loaded TP Android_ETC1TargetPlatform
[2017.10.09-17.54.02:642][  0]LogTemp: Display: Loaded TP Android_ETC2TargetPlatform
[2017.10.09-17.54.02:945][  0]LogTemp: Display: Loaded TP Android_MultiTargetPlatform
[2017.10.09-17.54.02:945][  0]LogTemp: Display: Loaded TP Android_PVRTCTargetPlatform
[2017.10.09-17.54.03:111][  0]LogTemp: Display: Loaded TP HTML5TargetPlatform
[2017.10.09-17.54.03:405][  0]LogTemp: Display: Loaded TP IOSTargetPlatform
[2017.10.09-17.54.03:462][  0]LogTemp: Display: Loaded TP TVOSTargetPlatform
[2017.10.09-17.54.03:617][  0]LogTemp: Display: Loaded TP LinuxClientTargetPlatform
[2017.10.09-17.54.03:810][  0]LogTemp: Display: Loaded TP LinuxNoEditorTargetPlatform
[2017.10.09-17.54.03:945][  0]LogTemp: Display: Loaded TP LinuxServerTargetPlatform
[2017.10.09-17.54.04:122][  0]LogTemp: Display: Loaded TP LinuxTargetPlatform
[2017.10.09-17.54.04:122][  0]LogTargetPlatformManager: Display: Building Assets For Windows
[2017.10.09-17.54.06:696][  0]LogDerivedDataCache: Display: Max Cache Size: 512 MB
[2017.10.09-17.54.08:221][  0]LogDerivedDataCache: Loaded boot cache 1.51s 93MB C:/Users/ajohnsen/AppData/Local/UnrealEngine/4.17/DerivedDataCache/Boot.ddc.
[2017.10.09-17.54.08:222][  0]LogDerivedDataCache: Display: Loaded Boot cache: C:/Users/ajohnsen/AppData/Local/UnrealEngine/4.17/DerivedDataCache/Boot.ddc
[2017.10.09-17.54.08:222][  0]LogDerivedDataCache: FDerivedDataBackendGraph:  Pak pak cache file ../../../../../../Users/ajohnsen/Documents/GitHub/udemy_UE4_course/UE4Editor/Section_01/DerivedDataCache/DDC.ddp not found, will not use a pak cache.
[2017.10.09-17.54.08:222][  0]LogDerivedDataCache: Unable to find inner node Pak for hierarchical cache Hierarchy.
[2017.10.09-17.54.08:222][  0]LogDerivedDataCache: FDerivedDataBackendGraph:  CompressedPak pak cache file ../../../../../../Users/ajohnsen/Documents/GitHub/udemy_UE4_course/UE4Editor/Section_01/DerivedDataCache/Compressed.ddp not found, will not use a pak cache.
[2017.10.09-17.54.08:222][  0]LogDerivedDataCache: Unable to find inner node CompressedPak for hierarchical cache Hierarchy.
[2017.10.09-17.54.08:287][  0]LogDerivedDataCache: Display: Pak cache opened for reading ../../../Engine/DerivedDataCache/Compressed.ddp.
[2017.10.09-17.54.08:305][  0]LogDerivedDataCache: Using Local data cache path C:/Users/ajohnsen/AppData/Local/UnrealEngine/Common/DerivedDataCache: Writable
[2017.10.09-17.54.08:318][  0]LogMaterial: Verifying Global Shaders for PCD3D_SM5
[2017.10.09-17.54.08:318][  0]LogSlate: Using Freetype 2.6.0
[2017.10.09-17.54.08:454][  0]LogSlate: SlateFontCache - WITH_FREETYPE: 1, WITH_HARFBUZZ: 1
[2017.10.09-17.54.08:454][  0]LogSlate: SlateFontCache - WITH_FREETYPE: 1, WITH_HARFBUZZ: 1
[2017.10.09-17.54.11:974][  0]LogAssetRegistry: FAssetRegistry took 0.0277 seconds to start up
[2017.10.09-17.54.12:450][  0]LogInit: Selected Device Profile: [Windows]
[2017.10.09-17.54.16:417][  0]LogContentStreaming: Texture pool size is 0.00 MB
[2017.10.09-17.54.17:621][  0]LogSimplygon: Simplygon DLL not present - disabling.
[2017.10.09-17.54.17:776][  0]LogMeshReduction: Using SimplygonSwarm for distributed automatic mesh merging
[2017.10.09-17.54.17:776][  0]LogMeshReduction: Using QuadricMeshReduction for automatic static mesh reduction
[2017.10.09-17.54.17:776][  0]LogMeshReduction: No automatic skeletal mesh reduction module available
[2017.10.09-17.54.17:776][  0]LogMeshReduction: No automatic mesh merging module available
[2017.10.09-17.54.17:776][  0]LogMeshMerging: No automatic mesh merging module available
[2017.10.09-17.54.19:122][  0]LogNetVersion: Section_01 , NetCL: 3573198, EngineNetVer: 2, GameNetVer: 0 (Checksum: 2464864122)
[2017.10.09-17.54.20:164][  0]LogPackageLocalizationCache: Processed 5 localized package path(s) for 2 prioritized culture(s) in 0.188669 seconds
[2017.10.09-17.54.20:174][  0]LogUObjectArray: 35825 objects as part of root set at end of initial load.
[2017.10.09-17.54.20:174][  0]LogUObjectAllocator: 7529112 out of 0 bytes used by permanent object pool.
[2017.10.09-17.54.20:174][  0]LogUObjectArray: CloseDisregardForGC: 0/0 objects in disregard for GC pool
[2017.10.09-17.54.20:333][  0]LogInit: WinSock: version 1.1 (2.2), MaxSocks=32767, MaxUdp=65467
[2017.10.09-17.54.46:253][  0]LogTcpMessaging: Initializing TcpMessaging bridge
[2017.10.09-17.54.46:349][  0]LogUdpMessaging: Initializing bridge on interface 0.0.0.0:0 to multicast group 230.0.0.1:6666.
[2017.10.09-17.54.48:649][  0]LogMaterial: Uniform references updated for custom material expression Custom.
[2017.10.09-17.54.49:997][  0]SourceControl: Source control is disabled
[2017.10.09-17.54.49:997][  0]SourceControl: Source control is disabled
[2017.10.09-17.54.50:150][  0]SourceControl: Source control is disabled
[2017.10.09-17.54.50:346][  0]SourceControl: Source control is disabled
[2017.10.09-17.54.52:776][  0]LogAndroidPermission: UAndroidPermissionCallbackProxy::GetInstance
[2017.10.09-17.54.53:655][  0]LogOcInput: OculusInput pre-init called
[2017.10.09-17.54.54:436][  0]LogEngine: Initializing Engine...
[2017.10.09-17.54.54:441][  0]LogHMD: Failed to initialize OpenVR with code 110
[2017.10.09-17.54.54:982][  0]LogStats: UGameplayTagsManager::ConstructGameplayTagTree: Construct from data asset -  0.000 s
[2017.10.09-17.54.54:982][  0]LogStats: UGameplayTagsManager::ConstructGameplayTagTree: GameplayTagTreeChangedEvent.Broadcast -  0.000 s
[2017.10.09-17.54.55:375][  0]LogAIModule: Creating AISystem for world Untitled
[2017.10.09-17.54.55:407][  0]LogInit: XAudio2 using 'Speaker/HP (Realtek High Definition Audio)' : 2 channels at 48 kHz using 32 bits per sample (channel mask 0x3)
[2017.10.09-17.54.55:604][  0]LogInit: FAudioDevice initialized.
[2017.10.09-17.54.55:814][  0]LogDerivedDataCache: Saved boot cache 0.21s 93MB C:/Users/ajohnsen/AppData/Local/UnrealEngine/4.17/DerivedDataCache/Boot.ddc.
[2017.10.09-17.54.55:843][  0]LogInit: Texture streaming: Enabled
[2017.10.09-17.54.56:956][  0]LogEngineSessionManager: EngineSessionManager initialized
[2017.10.09-17.54.59:018][  0]LogInit: Transaction tracking system initialized
[2017.10.09-17.55.00:285][  0]BlueprintLog: New page: Editor Load
[2017.10.09-17.55.05:993][  0]LocalizationService: Localization service is disabled
[2017.10.09-17.55.10:613][  0]LogConsoleResponse: Display: 
[2017.10.09-17.55.16:588][  0]LogFileCache: Scanning file cache for directory 'C:/Users/ajohnsen/Documents/GitHub/udemy_UE4_course/UE4Editor/Section_01/Content/' took 0.01s
[2017.10.09-17.55.16:588][  0]LogCook: Display: Max memory allowance for cook 16384mb min free memory 0mb
[2017.10.09-17.55.16:589][  0]LogCook: Display: Mobile HDR setting 1
[2017.10.09-17.55.16:589][  0]LogGameplayTags: Display: UGameplayTagsManager::DoneAddingNativeTags. DelegateIsBound: 0
[2017.10.09-17.55.25:309][  0]SourceControl: Source control is disabled
[2017.10.09-17.55.25:309][  0]Cmd: MAP LOAD FILE="../../../Engine/Content/Maps/Templates/Template_Default.umap" TEMPLATE=1 SHOWPROGRESS=1 FEATURELEVEL=3
[2017.10.09-17.55.25:311][  0]LightingResults: New page: Lighting Build
[2017.10.09-17.55.25:488][  0]MapCheck: New page: Map Check
[2017.10.09-17.55.25:488][  0]LightingResults: New page: Lighting Build
[2017.10.09-17.55.27:943][  0]LogAIModule: Creating AISystem for world Untitled_1
[2017.10.09-17.55.28:006][  0]LogEditorServer: Finished looking for orphan Actors (0.000 secs)
[2017.10.09-17.55.28:039][  0]Cmd: MAP CHECKDEP NOCLEARLOG
[2017.10.09-17.55.28:331][  0]MapCheck: Map check complete: 0 Error(s), 0 Warning(s), took 291.967ms to complete.
[2017.10.09-17.55.28:332][  0]LogFileHelpers: Loading map 'Template_Default' took 3.022
[2017.10.09-17.55.31:963][  0]LogCollectionManager: Loaded 0 collections in 0.002045 seconds
[2017.10.09-17.55.32:709][  0]LogFileCache: Scanning file cache for directory 'C:/Users/ajohnsen/Documents/GitHub/udemy_UE4_course/UE4Editor/Section_01/Saved/Collections/' took 0.01s
[2017.10.09-17.55.32:709][  0]LogFileCache: Scanning file cache for directory 'C:/Users/ajohnsen/Documents/GitHub/udemy_UE4_course/UE4Editor/Section_01/Content/Developers/AJohnsen/Collections/' took 0.01s
[2017.10.09-17.55.32:709][  0]LogFileCache: Scanning file cache for directory 'C:/Users/ajohnsen/Documents/GitHub/udemy_UE4_course/UE4Editor/Section_01/Content/Collections/' took 0.01s
[2017.10.09-17.55.32:709][  0]LogCollectionManager: Rebuilt the GUID cache for 0 collections in 0.000001 seconds
[2017.10.09-17.55.32:805][  0]LogContentBrowser: Native class hierarchy populated in 0.0357 seconds. Added 2387 classes and 502 folders.
[2017.10.09-17.55.33:158][  0]LogContentBrowser: Native class hierarchy updated for 'WidgetCarousel' in 0.0027 seconds. Added 0 classes and 0 folders.
[2017.10.09-17.55.39:959][  0]LogContentBrowser: Native class hierarchy updated for 'AddContentDialog' in 0.0030 seconds. Added 0 classes and 0 folders.
[2017.10.09-17.55.40:283][  0]LogContentBrowser: Native class hierarchy updated for 'SceneOutliner' in 0.0029 seconds. Added 1 classes and 2 folders.
[2017.10.09-17.55.41:988][  0]LogSlate: Took 0.027080 seconds to synchronously load lazily loaded font '../../../Engine/Content/Slate/Fonts/Roboto-Regular.ttf' (155K)
[2017.10.09-17.55.42:060][  0]LogSlate: Took 0.042213 seconds to synchronously load lazily loaded font '../../../Engine/Content/Slate/Fonts/Roboto-Bold.ttf' (160K)
[2017.10.09-17.55.42:293][  0]LogSlate: Took 0.041228 seconds to synchronously load lazily loaded font '../../../Engine/Content/Editor/Slate/Fonts/FontAwesome.ttf' (139K)
[2017.10.09-17.55.44:433][  0]LogRenderer: Reallocating scene render targets to support 856x372 Format 10 NumSamples 1 (Frame:1).
[2017.10.09-17.56.02:490][  0]LogContentBrowser: Native class hierarchy updated for 'HierarchicalLODOutliner' in 0.0027 seconds. Added 1 classes and 2 folders.
[2017.10.09-17.56.02:491][  0]LogLoad: (Engine Initialization) Total time: 175.20 seconds
[2017.10.09-17.56.02:491][  0]LogLoad: (Engine Initialization) Total Blueprint compile time: 0.00 seconds
[2017.10.09-17.56.02:567][  0]LogExternalProfiler: No external profilers were discovered.  External profiling features will not be available.
[2017.10.09-17.56.04:354][  0]LogContentStreaming: Texture pool size now 1000 MB
[2017.10.09-17.56.06:793][  3]LogAssetRegistry: Asset discovery search completed in 114.8412 seconds
[2017.10.09-17.56.06:865][  3]LogCollectionManager: Rebuilt the object cache for 0 collections in 0.000001 seconds (found 0 objects)
[2017.10.09-17.56.06:870][  3]LogCollectionManager: Fixed up redirectors for 0 collections in 0.044290 seconds (updated 0 objects)
[2017.10.09-17.56.40:197][349]LogActorFactory: Actor Factory created Cube
[2017.10.09-17.56.45:564][349]LogActorFactory: Actor Factory created Cube
[2017.10.09-17.58.47:864][715]LogSlate: Took 0.036779 seconds to synchronously load lazily loaded font '../../../Engine/Content/Slate/Fonts/Roboto-Light.ttf' (159K)
[2017.10.09-17.59.38:778][715]LogSlate: Took 0.028085 seconds to synchronously load lazily loaded font '../../../Engine/Content/Slate/Fonts/Roboto-Regular.ttf' (155K)
[2017.10.09-17.59.40:211][715]LogSavePackage: Save=720.75ms
[2017.10.09-17.59.40:211][715]LogSavePackage: Moving '../../../../../../Users/ajohnsen/Documents/GitHub/udemy_UE4_course/UE4Editor/Section_01/Saved/level01A0EF56914D89D3D7E8C357851A3790DB.tmp' to '../../../../../../Users/ajohnsen/Documents/GitHub/udemy_UE4_course/UE4Editor/Section_01/Content/level01.umap'
[2017.10.09-17.59.40:372][715]LogSavePackage: Display: Finished SavePackage ../../../../../../Users/ajohnsen/Documents/GitHub/udemy_UE4_course/UE4Editor/Section_01/Content/level01.umap
[2017.10.09-17.59.40:430][715]LogFileHelpers: Saving map 'level01' took 32.307
[2017.10.09-17.59.41:435][719]LogSlate: Took 0.028394 seconds to synchronously load lazily loaded font '../../../Engine/Content/Slate/Fonts/Roboto-Light.ttf' (159K)
[2017.10.09-18.00.02:328][ 35]Cmd: CLOSE_SLATE_MAINFRAME
[2017.10.09-18.00.05:639][ 35]LogWindowsTextInputMethodSystem: Display: IME system now deactivated.
[2017.10.09-18.00.07:550][ 36]Cmd: QUIT_EDITOR
[2017.10.09-18.00.08:359][ 36]LogExit: Preparing to exit.
[2017.10.09-18.00.09:724][ 36]LogDirectoryWatcher: A directory notification for 'C:/Users/ajohnsen/Documents/GitHub/udemy_UE4_course/UE4Editor/Section_01/Content/' was aborted.
[2017.10.09-18.00.11:187][ 36]LogExit: Editor shut down
[2017.10.09-18.00.11:263][ 36]LogExit: Transaction tracking system shut down
[2017.10.09-18.00.12:283][ 36]LogDirectoryWatcher: A directory notification for '../../../Engine/Content/' was aborted.
[2017.10.09-18.00.12:283][ 36]LogDirectoryWatcher: A directory notification for '../../../../../../Users/ajohnsen/Documents/GitHub/udemy_UE4_course/UE4Editor/Section_01/Content/' was aborted.
[2017.10.09-18.00.12:283][ 36]LogDirectoryWatcher: A directory notification for '../../../Engine/Plugins/2D/Paper2D/Content/' was aborted.
[2017.10.09-18.00.12:284][ 36]LogDirectoryWatcher: A directory notification for '../../../Engine/Plugins/Runtime/Oculus/OculusVR/Content/' was aborted.
[2017.10.09-18.00.12:284][ 36]LogDirectoryWatcher: A directory notification for '../../../Engine/Plugins/Runtime/Steam/SteamVR/Content/' was aborted.
[2017.10.09-18.00.15:047][ 36]LogExit: Object subsystem successfully closed.
[2017.10.09-18.00.15:423][ 36]LogD3D11RHI: Shutdown
[2017.10.09-18.00.15:431][ 36]LogD3D11RHI: CleanupD3DDevice
[2017.10.09-18.00.15:854][ 36]LogD3D11RHI: ~FD3D11DynamicRHI
[2017.10.09-18.00.16:994][ 36]LogModuleManager: Shutting down and abandoning module HierarchicalLODOutliner (532)
[2017.10.09-18.00.16:994][ 36]LogModuleManager: Shutting down and abandoning module SceneOutliner (530)
[2017.10.09-18.00.17:001][ 36]LogModuleManager: Shutting down and abandoning module AddContentDialog (528)
[2017.10.09-18.00.17:015][ 36]LogDirectoryWatcher: A directory notification for 'C:/Program Files/Epic Games/UE_4.17/FeaturePacks/' was aborted.
[2017.10.09-18.00.17:213][ 36]LogModuleManager: Shutting down and abandoning module WidgetCarousel (527)
[2017.10.09-18.00.17:213][ 36]LogModuleManager: Shutting down and abandoning module EditorWidgets (524)
[2017.10.09-18.00.17:213][ 36]LogModuleManager: Shutting down and abandoning module CollectionManager (522)
[2017.10.09-18.00.17:226][ 36]LogDirectoryWatcher: A directory notification for 'C:/Users/ajohnsen/Documents/GitHub/udemy_UE4_course/UE4Editor/Section_01/Content/Collections/' was aborted.
[2017.10.09-18.00.17:226][ 36]LogDirectoryWatcher: A directory notification for 'C:/Users/ajohnsen/Documents/GitHub/udemy_UE4_course/UE4Editor/Section_01/Content/Developers/AJohnsen/Collections/' was aborted.
[2017.10.09-18.00.17:226][ 36]LogDirectoryWatcher: A directory notification for 'C:/Users/ajohnsen/Documents/GitHub/udemy_UE4_course/UE4Editor/Section_01/Saved/Collections/' was aborted.
[2017.10.09-18.00.17:226][ 36]LogModuleManager: Shutting down and abandoning module StatsViewer (520)
[2017.10.09-18.00.17:237][ 36]LogModuleManager: Shutting down and abandoning module FoliageEdit (518)
[2017.10.09-18.00.17:237][ 36]LogModuleManager: Shutting down and abandoning module LandscapeEditor (516)
[2017.10.09-18.00.17:296][ 36]LogModuleManager: Shutting down and abandoning module MeshPaintMode (514)
[2017.10.09-18.00.17:296][ 36]LogModuleManager: Shutting down and abandoning module SceneDepthPickerMode (512)
[2017.10.09-18.00.17:296][ 36]LogModuleManager: Shutting down and abandoning module ActorPickerMode (510)
[2017.10.09-18.00.17:296][ 36]LogModuleManager: Shutting down and abandoning module GeometryMode (508)
[2017.10.09-18.00.17:296][ 36]LogModuleManager: Shutting down and abandoning module TextureAlignMode (506)
[2017.10.09-18.00.17:296][ 36]LogModuleManager: Shutting down and abandoning module BspMode (504)
[2017.10.09-18.00.17:299][ 36]LogModuleManager: Shutting down and abandoning module PIEPreviewDeviceProfileSelector (502)
[2017.10.09-18.00.17:300][ 36]LogModuleManager: Shutting down and abandoning module HardwareSurvey (500)
[2017.10.09-18.00.17:300][ 36]LogModuleManager: Shutting down and abandoning module SequenceRecorderSections (498)
[2017.10.09-18.00.17:314][ 36]LogModuleManager: Shutting down and abandoning module AutomationWorker (496)
[2017.10.09-18.00.17:325][ 36]LogModuleManager: Shutting down and abandoning module MatineeToLevelSequence (494)
[2017.10.09-18.00.17:370][ 36]LogModuleManager: Shutting down and abandoning module LevelSequenceEditor (492)
[2017.10.09-18.00.17:426][ 36]LogModuleManager: Shutting down and abandoning module PlacementMode (491)
[2017.10.09-18.00.17:426][ 36]LogModuleManager: Shutting down and abandoning module WmfMediaFactory (488)
[2017.10.09-18.00.17:426][ 36]LogModuleManager: Shutting down and abandoning module WmfMediaEditor (486)
[2017.10.09-18.00.17:426][ 36]LogModuleManager: Shutting down and abandoning module AvfMediaFactory (484)
[2017.10.09-18.00.17:427][ 36]LogModuleManager: Shutting down and abandoning module AvfMediaEditor (482)
[2017.10.09-18.00.17:427][ 36]LogModuleManager: Shutting down and abandoning module AndroidMediaFactory (480)
[2017.10.09-18.00.17:427][ 36]LogModuleManager: Shutting down and abandoning module Media (479)
[2017.10.09-18.00.17:427][ 36]LogModuleManager: Shutting down and abandoning module AndroidMediaEditor (476)
[2017.10.09-18.00.17:427][ 36]LogModuleManager: Shutting down and abandoning module CharacterAI (474)
[2017.10.09-18.00.17:427][ 36]LogModuleManager: Shutting down and abandoning module AudioCapture (472)
[2017.10.09-18.00.17:427][ 36]LogModuleManager: Shutting down and abandoning module SequenceRecorder (471)
[2017.10.09-18.00.17:434][ 36]LogModuleManager: Shutting down and abandoning module SmartSnapping (468)
[2017.10.09-18.00.17:434][ 36]LogModuleManager: Shutting down and abandoning module SessionServices (466)
[2017.10.09-18.00.17:434][ 36]LogModuleManager: Shutting down and abandoning module ViewportSnapping (464)
[2017.10.09-18.00.17:434][ 36]LogModuleManager: Shutting down and abandoning module ViewportInteraction (462)
[2017.10.09-18.00.17:434][ 36]LogModuleManager: Shutting down and abandoning module ClothPainter (460)
[2017.10.09-18.00.17:477][ 36]LogModuleManager: Shutting down and abandoning module LogVisualizer (458)
[2017.10.09-18.00.17:492][ 36]LogModuleManager: Shutting down and abandoning module IntroTutorials (456)
[2017.10.09-18.00.17:509][ 36]LogModuleManager: Shutting down and abandoning module GameProjectGeneration (455)
[2017.10.09-18.00.17:521][ 36]LogModuleManager: Shutting down and abandoning module IOSPlatformEditor (452)
[2017.10.09-18.00.17:532][ 36]LogModuleManager: Shutting down and abandoning module HTML5PlatformEditor (450)
[2017.10.09-18.00.17:532][ 36]LogModuleManager: Shutting down and abandoning module AndroidPlatformEditor (448)
[2017.10.09-18.00.17:532][ 36]LogModuleManager: Shutting down and abandoning module AndroidDeviceDetection (447)
[2017.10.09-18.00.17:878][ 36]LogModuleManager: Shutting down and abandoning module WindowsPlatformEditor (444)
[2017.10.09-18.00.17:879][ 36]LogModuleManager: Shutting down and abandoning module IOSRuntimeSettings (442)
[2017.10.09-18.00.17:879][ 36]LogModuleManager: Shutting down and abandoning module AndroidRuntimeSettings (440)
[2017.10.09-18.00.17:879][ 36]LogModuleManager: Shutting down and abandoning module InputBindingEditor (438)
[2017.10.09-18.00.17:894][ 36]LogModuleManager: Shutting down and abandoning module MergeActors (436)
[2017.10.09-18.00.17:906][ 36]LogModuleManager: Shutting down and abandoning module SizeMap (434)
[2017.10.09-18.00.17:906][ 36]LogModuleManager: Shutting down and abandoning module TreeMap (432)
[2017.10.09-18.00.17:916][ 36]LogModuleManager: Shutting down and abandoning module ReferenceViewer (430)
[2017.10.09-18.00.17:916][ 36]LogModuleManager: Shutting down and abandoning module LocalizationDashboard (428)
[2017.10.09-18.00.17:928][ 36]LogModuleManager: Shutting down and abandoning module LocalizationService (427)
[2017.10.09-18.00.17:937][ 36]LogModuleManager: Shutting down and abandoning module HardwareTargeting (424)
[2017.10.09-18.00.17:937][ 36]LogModuleManager: Shutting down and abandoning module DeviceProfileEditor (422)
[2017.10.09-18.00.17:945][ 36]LogModuleManager: Shutting down and abandoning module UndoHistory (420)
[2017.10.09-18.00.17:945][ 36]LogModuleManager: Shutting down and abandoning module XmlParser (418)
[2017.10.09-18.00.17:964][ 36]LogModuleManager: Shutting down and abandoning module Blutility (416)
[2017.10.09-18.00.17:964][ 36]LogModuleManager: Shutting down and abandoning module ProjectSettingsViewer (414)
[2017.10.09-18.00.17:964][ 36]LogModuleManager: Shutting down and abandoning module ProjectTargetPlatformEditor (413)
[2017.10.09-18.00.17:965][ 36]LogModuleManager: Shutting down and abandoning module EditorSettingsViewer (410)
[2017.10.09-18.00.17:965][ 36]LogModuleManager: Shutting down and abandoning module SettingsEditor (408)
[2017.10.09-18.00.17:993][ 36]LogModuleManager: Shutting down and abandoning module ProjectLauncher (406)
[2017.10.09-18.00.17:996][ 36]LogModuleManager: Shutting down and abandoning module SessionFrontend (404)
[2017.10.09-18.00.18:007][ 36]LogModuleManager: Shutting down and abandoning module ProfilerClient (402)
[2017.10.09-18.00.18:011][ 36]LogModuleManager: Shutting down and abandoning module DeviceManager (400)
[2017.10.09-18.00.18:022][ 36]LogModuleManager: Shutting down and abandoning module TargetDeviceServices (399)
[2017.10.09-18.00.18:081][ 36]LogModuleManager: Shutting down and abandoning module AutomationController (396)
[2017.10.09-18.00.18:103][ 36]LogModuleManager: Shutting down and abandoning module AutomationWindow (394)
[2017.10.09-18.00.18:115][ 36]LogModuleManager: Shutting down and abandoning module Layers (392)
[2017.10.09-18.00.18:129][ 36]LogModuleManager: Shutting down and abandoning module ComponentVisualizers (390)
[2017.10.09-18.00.18:129][ 36]LogModuleManager: Shutting down and abandoning module DetailCustomizations (388)
[2017.10.09-18.00.18:140][ 36]LogModuleManager: Shutting down and abandoning module PackagesDialog (386)
[2017.10.09-18.00.18:147][ 36]LogModuleManager: Shutting down and abandoning module Persona (384)
[2017.10.09-18.00.18:174][ 36]LogModuleManager: Shutting down and abandoning module AdvancedPreviewScene (383)
[2017.10.09-18.00.18:174][ 36]LogModuleManager: Shutting down and abandoning module AnimGraph (381)
[2017.10.09-18.00.18:194][ 36]LogModuleManager: Shutting down and abandoning module Kismet (378)
[2017.10.09-18.00.18:204][ 36]LogModuleManager: Shutting down and abandoning module ClassViewer (376)
[2017.10.09-18.00.18:205][ 36]LogModuleManager: Shutting down and abandoning module Toolbox (374)
[2017.10.09-18.00.18:205][ 36]LogModuleManager: Shutting down and abandoning module ModuleUI (372)
[2017.10.09-18.00.18:226][ 36]LogModuleManager: Shutting down and abandoning module MovieSceneTools (370)
[2017.10.09-18.00.18:258][ 36]LogModuleManager: Shutting down and abandoning module OutputLog (368)
[2017.10.09-18.00.18:267][ 36]LogModuleManager: Shutting down and abandoning module GammaUI (366)
[2017.10.09-18.00.18:268][ 36]LogModuleManager: Shutting down and abandoning module Documentation (364)
[2017.10.09-18.00.18:269][ 36]LogModuleManager: Shutting down and abandoning module MovieSceneTracks (362)
[2017.10.09-18.00.18:269][ 36]LogModuleManager: Shutting down and abandoning module MovieScene (360)
[2017.10.09-18.00.18:273][ 36]LogModuleManager: Shutting down and abandoning module Niagara (358)
[2017.10.09-18.00.18:273][ 36]LogModuleManager: Shutting down and abandoning module NiagaraEditor (357)
[2017.10.09-18.00.18:535][ 36]LogModuleManager: Shutting down and abandoning module StreamingPauseRendering (354)
[2017.10.09-18.00.18:535][ 36]LogModuleManager: Shutting down and abandoning module LauncherPlatform (352)
[2017.10.09-18.00.18:535][ 36]LogModuleManager: Shutting down and abandoning module AnalyticsET (350)
[2017.10.09-18.00.18:535][ 36]LogModuleManager: Shutting down and abandoning module PortalServices (348)
[2017.10.09-18.00.18:535][ 36]LogModuleManager: Shutting down and abandoning module PortalRpc (346)
[2017.10.09-18.00.18:535][ 36]LogModuleManager: Shutting down and abandoning module MessagingRpc (344)
[2017.10.09-18.00.18:535][ 36]LogModuleManager: Shutting down and abandoning module AIModule (342)
[2017.10.09-18.00.18:543][ 36]LogModuleManager: Shutting down and abandoning module GameplayDebugger (341)
[2017.10.09-18.00.18:545][ 36]LogModuleManager: Shutting down and abandoning module AITestSuite (339)
[2017.10.09-18.00.18:550][ 36]LogModuleManager: Shutting down and abandoning module ProfilerService (336)
[2017.10.09-18.00.18:654][ 36]LogModuleManager: Shutting down and abandoning module TaskGraph (334)
[2017.10.09-18.00.18:682][ 36]LogModuleManager: Shutting down and abandoning module SteamVRController (332)
[2017.10.09-18.00.18:682][ 36]LogModuleManager: Shutting down and abandoning module ProceduralMeshComponentEditor (330)
[2017.10.09-18.00.18:682][ 36]LogModuleManager: Shutting down and abandoning module ProceduralMeshComponent (328)
[2017.10.09-18.00.18:682][ 36]LogModuleManager: Shutting down and abandoning module OculusInput (326)
[2017.10.09-18.00.18:688][ 36]LogModuleManager: Shutting down and abandoning module MobilePatchingUtils (324)
[2017.10.09-18.00.18:688][ 36]LogModuleManager: Shutting down and abandoning module CustomMeshComponent (322)
[2017.10.09-18.00.18:688][ 36]LogModuleManager: Shutting down and abandoning module CableComponent (320)
[2017.10.09-18.00.18:693][ 36]LogModuleManager: Shutting down and abandoning module ArchVisCharacter (318)
[2017.10.09-18.00.18:693][ 36]LogModuleManager: Shutting down and abandoning module AndroidPermission (316)
[2017.10.09-18.00.18:693][ 36]LogModuleManager: Shutting down and abandoning module MediaPlayerEditor (312)
[2017.10.09-18.00.18:721][ 36]LogModuleManager: Shutting down and abandoning module HTML5Networking (310)
[2017.10.09-18.00.18:721][ 36]LogModuleManager: Shutting down and abandoning module AlembicImporter (308)
[2017.10.09-18.00.18:728][ 36]LogModuleManager: Shutting down and abandoning module AlembicLibrary (307)
[2017.10.09-18.00.18:728][ 36]LogModuleManager: Shutting down and abandoning module GeometryCache (306)
[2017.10.09-18.00.18:728][ 36]LogModuleManager: Shutting down and abandoning module GeometryCacheEd (305)
[2017.10.09-18.00.18:728][ 36]LogModuleManager: Shutting down and abandoning module SpeedTreeImporter (300)
[2017.10.09-18.00.18:728][ 36]LogModuleManager: Shutting down and abandoning module PluginBrowser (298)
[2017.10.09-18.00.18:750][ 36]LogModuleManager: Shutting down and abandoning module MobileLauncherProfileWizard (296)
[2017.10.09-18.00.18:760][ 36]LogModuleManager: Shutting down and abandoning module VisualStudioSourceCodeAccess (294)
[2017.10.09-18.00.18:761][ 36]LogModuleManager: Shutting down and abandoning module DesktopPlatform (293)
[2017.10.09-18.00.18:774][ 36]LogModuleManager: Shutting down and abandoning module UObjectPlugin (290)
[2017.10.09-18.00.18:774][ 36]LogModuleManager: Shutting down and abandoning module SubversionSourceControl (288)
[2017.10.09-18.00.18:791][ 36]LogModuleManager: Shutting down and abandoning module PerforceSourceControl (286)
[2017.10.09-18.00.18:807][ 36]LogModuleManager: Shutting down and abandoning module GitSourceControl (284)
[2017.10.09-18.00.18:827][ 36]LogModuleManager: Shutting down and abandoning module SourceControl (283)
[2017.10.09-18.00.18:844][ 36]LogModuleManager: Shutting down and abandoning module LightPropagationVolumeEditor (280)
[2017.10.09-18.00.18:844][ 36]LogModuleManager: Shutting down and abandoning module PaperTiledImporter (278)
[2017.10.09-18.00.18:844][ 36]LogModuleManager: Shutting down and abandoning module PaperSpriteSheetImporter (276)
[2017.10.09-18.00.18:844][ 36]LogModuleManager: Shutting down and abandoning module Paper2DEditor (274)
[2017.10.09-18.00.18:867][ 36]LogModuleManager: Shutting down and abandoning module MeshPaint (273)
[2017.10.09-18.00.18:874][ 36]LogModuleManager: Shutting down and abandoning module LevelEditor (271)
[2017.10.09-18.00.18:885][ 36]LogModuleManager: Shutting down and abandoning module PixelInspectorModule (270)
[2017.10.09-18.00.18:927][ 36]LogModuleManager: Shutting down and abandoning module MainFrame (268)
[2017.10.09-18.00.18:927][ 36]LogModuleManager: Shutting down and abandoning module HotReload (267)
[2017.10.09-18.00.18:931][ 36]LogDirectoryWatcher: A directory notification for 'C:/Users/ajohnsen/Documents/GitHub/udemy_UE4_course/UE4Editor/Section_01/Binaries/Win64' was aborted.
[2017.10.09-18.00.18:989][ 36]LogModuleManager: Shutting down and abandoning module Section_01 (262)
[2017.10.09-18.00.18:989][ 36]LogModuleManager: Shutting down and abandoning module RuntimePhysXCooking (260)
[2017.10.09-18.00.18:989][ 36]LogModuleManager: Shutting down and abandoning module PhysXVehiclesEditor (258)
[2017.10.09-18.00.18:989][ 36]LogModuleManager: Shutting down and abandoning module PhysXVehicles (256)
[2017.10.09-18.00.18:989][ 36]LogModuleManager: Shutting down and abandoning module OculusEditor (254)
[2017.10.09-18.00.18:989][ 36]LogModuleManager: Shutting down and abandoning module LocationServicesBPLibrary (252)
[2017.10.09-18.00.18:989][ 36]LogModuleManager: Shutting down and abandoning module ImmediatePhysicsEditor (250)
[2017.10.09-18.00.18:989][ 36]LogModuleManager: Shutting down and abandoning module ImmediatePhysics (248)
[2017.10.09-18.00.19:011][ 36]LogModuleManager: Shutting down and abandoning module UdpMessaging (246)
[2017.10.09-18.00.19:112][ 36]LogModuleManager: Shutting down and abandoning module TcpMessaging (244)
[2017.10.09-18.00.19:220][ 36]LogModuleManager: Shutting down and abandoning module GameplayTagsEditor (242)
[2017.10.09-18.00.19:245][ 36]LogModuleManager: Shutting down and abandoning module FacialAnimationEditor (240)
[2017.10.09-18.00.19:245][ 36]LogModuleManager: Shutting down and abandoning module FacialAnimation (238)
[2017.10.09-18.00.19:245][ 36]LogModuleManager: Shutting down and abandoning module AssetManagerEditor (236)
[2017.10.09-18.00.19:300][ 36]LogModuleManager: Shutting down and abandoning module GraphEditor (235)
[2017.10.09-18.00.19:365][ 36]LogModuleManager: Shutting down and abandoning module ContentBrowser (233)
[2017.10.09-18.00.19:386][ 36]LogModuleManager: Shutting down and abandoning module LightPropagationVolumeRuntime (230)
[2017.10.09-18.00.19:386][ 36]LogModuleManager: Shutting down and abandoning module Paper2D (228)
[2017.10.09-18.00.19:395][ 36]LogModuleManager: Shutting down and abandoning module WindowsMoviePlayer (226)
[2017.10.09-18.00.19:405][ 36]LogModuleManager: Shutting down and abandoning module WmfMedia (224)
[2017.10.09-18.00.19:414][ 36]LogModuleManager: Shutting down and abandoning module PacketHandler (222)
[2017.10.09-18.00.19:415][ 36]LogModuleManager: Shutting down and abandoning module ClothingSystemEditor (220)
[2017.10.09-18.00.19:423][ 36]LogModuleManager: Shutting down and abandoning module ClothingSystemRuntime (218)
[2017.10.09-18.00.19:450][ 36]LogModuleManager: Shutting down and abandoning module Overlay (216)
[2017.10.09-18.00.19:450][ 36]LogModuleManager: Shutting down and abandoning module OverlayEditor (215)
[2017.10.09-18.00.19:450][ 36]LogModuleManager: Shutting down and abandoning module MediaAssets (212)
[2017.10.09-18.00.19:450][ 36]LogModuleManager: Shutting down and abandoning module VREditor (210)
[2017.10.09-18.00.19:467][ 36]LogModuleManager: Shutting down and abandoning module StringTableEditor (208)
[2017.10.09-18.00.19:475][ 36]LogModuleManager: Shutting down and abandoning module GameplayTasksEditor (206)
[2017.10.09-18.00.19:475][ 36]LogModuleManager: Shutting down and abandoning module BehaviorTreeEditor (204)
[2017.10.09-18.00.19:505][ 36]LogModuleManager: Shutting down and abandoning module FunctionalTesting (202)
[2017.10.09-18.00.19:506][ 36]LogModuleManager: Shutting down and abandoning module CollisionAnalyzer (200)
[2017.10.09-18.00.19:514][ 36]LogModuleManager: Shutting down and abandoning module WorkspaceMenuStructure (199)
[2017.10.09-18.00.19:514][ 36]LogModuleManager: Shutting down and abandoning module UMG (196)
[2017.10.09-18.00.19:535][ 36]LogModuleManager: Shutting down and abandoning module UMGEditor (195)
[2017.10.09-18.00.19:558][ 36]LogModuleManager: Shutting down and abandoning module Sequencer (194)
[2017.10.09-18.00.19:572][ 36]LogModuleManager: Shutting down and abandoning module MessageLog (191)
[2017.10.09-18.00.19:572][ 36]LogModuleManager: Shutting down and abandoning module SlateReflector (186)
[2017.10.09-18.00.19:593][ 36]LogModuleManager: Shutting down and abandoning module Slate (184)
[2017.10.09-18.00.19:593][ 36]LogModuleManager: Shutting down and abandoning module EditorStyle (182)
[2017.10.09-18.00.19:621][ 36]LogModuleManager: Shutting down and abandoning module MRMesh (180)
[2017.10.09-18.00.19:621][ 36]LogModuleManager: Shutting down and abandoning module SourceCodeAccess (178)
[2017.10.09-18.00.19:621][ 36]LogModuleManager: Shutting down and abandoning module HeadMountedDisplay (176)
[2017.10.09-18.00.19:621][ 36]LogModuleManager: Shutting down and abandoning module XAudio2 (174)
[2017.10.09-18.00.19:621][ 36]LogModuleManager: Shutting down and abandoning module Networking (172)
[2017.10.09-18.00.19:621][ 36]LogModuleManager: Shutting down and abandoning module Core (168)
[2017.10.09-18.00.19:621][ 36]LogModuleManager: Shutting down and abandoning module KismetCompiler (164)
[2017.10.09-18.00.19:622][ 36]LogModuleManager: Shutting down and abandoning module LevelSequence (162)
[2017.10.09-18.00.19:622][ 36]LogModuleManager: Shutting down and abandoning module MeshUtilities (160)
[2017.10.09-18.00.19:648][ 36]LogModuleManager: Shutting down and abandoning module MeshMergeUtilities (159)
[2017.10.09-18.00.19:653][ 36]LogModuleManager: Shutting down and abandoning module MeshReductionInterface (158)
[2017.10.09-18.00.19:653][ 36]LogModuleManager: Shutting down and abandoning module SimplygonSwarm (157)
[2017.10.09-18.00.19:658][ 36]LogModuleManager: Shutting down and abandoning module SimplygonMeshReduction (155)
[2017.10.09-18.00.19:658][ 36]LogModuleManager: Shutting down and abandoning module QuadricMeshReduction (153)
[2017.10.09-18.00.19:664][ 36]LogModuleManager: Shutting down and abandoning module MaterialBaking (149)
[2017.10.09-18.00.19:669][ 36]LogModuleManager: Shutting down and abandoning module DirectoryWatcher (146)
[2017.10.09-18.00.19:707][ 36]LogModuleManager: Shutting down and abandoning module DerivedDataCache (144)
[2017.10.09-18.00.19:779][ 36]LogDerivedDataCache: Shutdown
[2017.10.09-18.00.19:792][ 36]LogModuleManager: Shutting down and abandoning module TargetPlatform (142)
[2017.10.09-18.00.19:793][ 36]LogModuleManager: Shutting down and abandoning module VulkanShaderFormat (141)
[2017.10.09-18.00.19:820][ 36]LogModuleManager: Shutting down and abandoning module ShaderFormatVectorVM (139)
[2017.10.09-18.00.19:837][ 36]LogModuleManager: Shutting down and abandoning module ShaderFormatOpenGL (137)
[2017.10.09-18.00.19:843][ 36]LogModuleManager: Shutting down and abandoning module ShaderFormatD3D (135)
[2017.10.09-18.00.19:848][ 36]LogModuleManager: Shutting down and abandoning module MetalShaderFormat (133)
[2017.10.09-18.00.19:858][ 36]LogModuleManager: Shutting down and abandoning module TextureFormatUncompressed (131)
[2017.10.09-18.00.19:858][ 36]LogModuleManager: Shutting down and abandoning module TextureFormatPVR (129)
[2017.10.09-18.00.19:858][ 36]LogModuleManager: Shutting down and abandoning module TextureFormatDXT (127)
[2017.10.09-18.00.19:859][ 36]LogModuleManager: Shutting down and abandoning module TextureFormatIntelISPCTexComp (125)
[2017.10.09-18.00.19:875][ 36]LogModuleManager: Shutting down and abandoning module TextureFormatASTC (123)
[2017.10.09-18.00.19:875][ 36]LogModuleManager: Shutting down and abandoning module ImageWrapper (122)
[2017.10.09-18.00.19:875][ 36]LogModuleManager: Shutting down and abandoning module TextureFormatAndroid (119)
[2017.10.09-18.00.19:875][ 36]LogModuleManager: Shutting down and abandoning module AudioFormatOpus (117)
[2017.10.09-18.00.19:876][ 36]LogModuleManager: Shutting down and abandoning module AudioFormatOgg (115)
[2017.10.09-18.00.19:876][ 36]LogModuleManager: Shutting down and abandoning module AudioFormatADPCM (113)
[2017.10.09-18.00.19:876][ 36]LogModuleManager: Shutting down and abandoning module LinuxTargetPlatform (111)
[2017.10.09-18.00.19:876][ 36]LogModuleManager: Shutting down and abandoning module LinuxServerTargetPlatform (109)
[2017.10.09-18.00.19:876][ 36]LogModuleManager: Shutting down and abandoning module LinuxNoEditorTargetPlatform (107)
[2017.10.09-18.00.19:876][ 36]LogModuleManager: Shutting down and abandoning module LinuxClientTargetPlatform (105)
[2017.10.09-18.00.19:876][ 36]LogModuleManager: Shutting down and abandoning module TVOSTargetPlatform (103)
[2017.10.09-18.00.19:876][ 36]LogModuleManager: Shutting down and abandoning module Messaging (101)
[2017.10.09-18.00.19:876][ 36]LogModuleManager: Shutting down and abandoning module IOSTargetPlatform (99)
[2017.10.09-18.00.19:876][ 36]LogModuleManager: Shutting down and abandoning module HTML5TargetPlatform (97)
[2017.10.09-18.00.19:876][ 36]LogModuleManager: Shutting down and abandoning module Android_PVRTCTargetPlatform (95)
[2017.10.09-18.00.19:877][ 36]LogModuleManager: Shutting down and abandoning module Android_MultiTargetPlatform (93)
[2017.10.09-18.00.19:877][ 36]LogModuleManager: Shutting down and abandoning module Android_ETC2TargetPlatform (91)
[2017.10.09-18.00.19:877][ 36]LogModuleManager: Shutting down and abandoning module Android_ETC1TargetPlatform (89)
[2017.10.09-18.00.19:877][ 36]LogModuleManager: Shutting down and abandoning module Android_DXTTargetPlatform (87)
[2017.10.09-18.00.19:877][ 36]LogModuleManager: Shutting down and abandoning module Android_ATCTargetPlatform (85)
[2017.10.09-18.00.19:877][ 36]LogModuleManager: Shutting down and abandoning module Android_ASTCTargetPlatform (83)
[2017.10.09-18.00.19:877][ 36]LogModuleManager: Shutting down and abandoning module AndroidTargetPlatform (81)
[2017.10.09-18.00.19:877][ 36]LogModuleManager: Shutting down and abandoning module WindowsTargetPlatform (79)
[2017.10.09-18.00.19:877][ 36]LogModuleManager: Shutting down and abandoning module WindowsServerTargetPlatform (77)
[2017.10.09-18.00.19:877][ 36]LogModuleManager: Shutting down and abandoning module WindowsNoEditorTargetPlatform (75)
[2017.10.09-18.00.19:877][ 36]LogModuleManager: Shutting down and abandoning module WindowsClientTargetPlatform (73)
[2017.10.09-18.00.19:877][ 36]LogModuleManager: Shutting down and abandoning module MacTargetPlatform (71)
[2017.10.09-18.00.19:877][ 36]LogModuleManager: Shutting down and abandoning module MacServerTargetPlatform (69)
[2017.10.09-18.00.19:877][ 36]LogModuleManager: Shutting down and abandoning module MacNoEditorTargetPlatform (67)
[2017.10.09-18.00.19:877][ 36]LogModuleManager: Shutting down and abandoning module MacClientTargetPlatform (65)
[2017.10.09-18.00.19:877][ 36]LogModuleManager: Shutting down and abandoning module AllDesktopTargetPlatform (63)
[2017.10.09-18.00.19:877][ 36]LogModuleManager: Shutting down and abandoning module InputCore (60)
[2017.10.09-18.00.19:878][ 36]LogModuleManager: Shutting down and abandoning module Settings (58)
[2017.10.09-18.00.19:878][ 36]LogModuleManager: Shutting down and abandoning module PhysXCooking (56)
[2017.10.09-18.00.19:878][ 36]LogModuleManager: Shutting down and abandoning module SteamVR (54)
[2017.10.09-18.00.19:878][ 36]LogModuleManager: Shutting down and abandoning module OculusHMD (52)
[2017.10.09-18.00.19:885][ 36]LogModuleManager: Shutting down and abandoning module ExampleDeviceProfileSelector (50)
[2017.10.09-18.00.19:885][ 36]LogModuleManager: Shutting down and abandoning module OnlineBlueprintSupport (48)
[2017.10.09-18.00.19:885][ 36]LogModuleManager: Shutting down and abandoning module OnlineSubsystem (44)
[2017.10.09-18.00.19:885][ 36]LogOnline: Display: Unloading online subsystem: NULL
[2017.10.09-18.00.19:911][ 36]LogModuleManager: Shutting down and abandoning module XMPP (43)
[2017.10.09-18.00.19:934][ 36]LogModuleManager: Shutting down and abandoning module HTTP (41)
[2017.10.09-18.00.19:934][ 36]LogHttp: Display: Http module shutting down, but needs to wait on 1 outstanding Http requests:
[2017.10.09-18.00.19:952][ 36]LogHttp: Display: 	verb=[POST] url=[https://datarouter.ol.epicgames.com/datarouter/api/v1/public/data?SessionID=%7BB5619120-44F3-F3A2-8221-0186AF4D3462%7D&AppID=UEEditor.Rocket.Release&AppVersion=4.17.2-3658906%2B%2B%2BUE4%2BRelease-4.17&UserID=d66ac47e4acc88512e812dbbf20ed440%7C0ef800ff43f842ef920ca8ced9afaf29%7C75ecdfba-5b15-4d99-884a-df293109bba3&AppEnvironment=datacollector-binary&UploadType=eteventstream] status=Processing
[2017.10.09-18.00.20:039][ 36]LogModuleManager: Shutting down and abandoning module SSL (40)
[2017.10.09-18.00.20:068][ 36]LogModuleManager: Shutting down and abandoning module AnimationModifiers (36)
[2017.10.09-18.00.20:076][ 36]LogModuleManager: Shutting down and abandoning module PropertyEditor (35)
[2017.10.09-18.00.20:077][ 36]LogModuleManager: Shutting down and abandoning module AudioEditor (32)
[2017.10.09-18.00.20:114][ 36]LogModuleManager: Shutting down and abandoning module TextureCompressor (30)
[2017.10.09-18.00.20:120][ 36]LogModuleManager: Shutting down and abandoning module ShaderCore (28)
[2017.10.09-18.00.20:120][ 36]LogModuleManager: Shutting down and abandoning module Landscape (26)
[2017.10.09-18.00.20:120][ 36]LogModuleManager: Shutting down and abandoning module SlateRHIRenderer (24)
[2017.10.09-18.00.20:147][ 36]LogModuleManager: Shutting down and abandoning module OpenGLDrv (22)
[2017.10.09-18.00.20:152][ 36]LogModuleManager: Shutting down and abandoning module D3D11RHI (20)
[2017.10.09-18.00.20:152][ 36]LogModuleManager: Shutting down and abandoning module AnimGraphRuntime (18)
[2017.10.09-18.00.20:160][ 36]LogModuleManager: Shutting down and abandoning module Renderer (16)
[2017.10.09-18.00.20:160][ 36]LogModuleManager: Shutting down and abandoning module Engine (14)
[2017.10.09-18.00.20:160][ 36]LogModuleManager: Shutting down and abandoning module CoreUObject (12)
[2017.10.09-18.00.20:160][ 36]LogModuleManager: Shutting down and abandoning module NetworkFile (10)
[2017.10.09-18.00.20:172][ 36]LogModuleManager: Shutting down and abandoning module CookedIterativeFile (8)
[2017.10.09-18.00.20:172][ 36]LogModuleManager: Shutting down and abandoning module StreamingFile (6)
[2017.10.09-18.00.20:175][ 36]LogModuleManager: Shutting down and abandoning module SandboxFile (4)
[2017.10.09-18.00.20:179][ 36]LogModuleManager: Shutting down and abandoning module PakFile (2)
[2017.10.09-18.00.20:205][ 36]LogExit: Exiting.
[2017.10.09-18.00.20:404][ 36]Log file closed, 10/09/17 21:00:20
